The target system is: Linux -  - 
The host system is: Linux - 5.15.0-76-generic - x86_64
Compiling the C compiler identification source file "CMakeCCompilerId.c" succeeded.
Compiler: /home/don/Dq/NPU/Synaptics_Git_Ext_VSSDK-1.10.1-lts/aarch64/gcc-arm-aarch64-linux-gnu-8.3/bin/aarch64-linux-gnu-gcc 
Build flags: 
Id flags:  

The output was:
0


Compilation of the C compiler identification source "CMakeCCompilerId.c" produced "a.out"

The C compiler identification is GNU, found in "/home/don/Dq/NPU/project/paddlepaddle/ubuntu-yolov6s/build/CMakeFiles/3.20.1/CompilerIdC/a.out"

Compiling the CXX compiler identification source file "CMakeCXXCompilerId.cpp" succeeded.
Compiler: /home/don/Dq/NPU/Synaptics_Git_Ext_VSSDK-1.10.1-lts/aarch64/gcc-arm-aarch64-linux-gnu-8.3/bin/aarch64-linux-gnu-g++ 
Build flags: 
Id flags:  

The output was:
0


Compilation of the CXX compiler identification source "CMakeCXXCompilerId.cpp" produced "a.out"

The CXX compiler identification is GNU, found in "/home/don/Dq/NPU/project/paddlepaddle/ubuntu-yolov6s/build/CMakeFiles/3.20.1/CompilerIdCXX/a.out"

Detecting C compiler ABI info compiled with the following output:
Change Dir: /home/don/Dq/NPU/project/paddlepaddle/ubuntu-yolov6s/build/CMakeFiles/CMakeTmp

Run Build Command(s):/usr/bin/make -f Makefile cmTC_3464e/fast && /usr/bin/make  -f CMakeFiles/cmTC_3464e.dir/build.make CMakeFiles/cmTC_3464e.dir/build
make[1]: Entering directory '/home/don/Dq/NPU/project/paddlepaddle/ubuntu-yolov6s/build/CMakeFiles/CMakeTmp'
Building C object CMakeFiles/cmTC_3464e.dir/CMakeCCompilerABI.c.o
/home/don/Dq/NPU/Synaptics_Git_Ext_VSSDK-1.10.1-lts/aarch64/gcc-arm-aarch64-linux-gnu-8.3/bin/aarch64-linux-gnu-gcc   -fPIE   -v -o CMakeFiles/cmTC_3464e.dir/CMakeCCompilerABI.c.o -c /usr/local/share/cmake-3.20/Modules/CMakeCCompilerABI.c
Using built-in specs.
COLLECT_GCC=/home/don/Dq/NPU/Synaptics_Git_Ext_VSSDK-1.10.1-lts/aarch64/gcc-arm-aarch64-linux-gnu-8.3/bin/aarch64-linux-gnu-gcc
Target: aarch64-linux-gnu
Configured with: /tmp/dgboter/bbs/rhev-vm8--rhe6x86_64/buildbot/rhe6x86_64--aarch64-linux-gnu/build/src/gcc/configure --target=aarch64-linux-gnu --prefix= --with-sysroot=/aarch64-linux-gnu/libc --with-build-sysroot=/tmp/dgboter/bbs/rhev-vm8--rhe6x86_64/buildbot/rhe6x86_64--aarch64-linux-gnu/build/build-aarch64-linux-gnu/install//aarch64-linux-gnu/libc --with-bugurl=https://bugs.linaro.org/ --enable-gnu-indirect-function --enable-shared --disable-libssp --disable-libmudflap --enable-checking=release --enable-languages=c,c++,fortran --with-gmp=/tmp/dgboter/bbs/rhev-vm8--rhe6x86_64/buildbot/rhe6x86_64--aarch64-linux-gnu/build/build-aarch64-linux-gnu/host-tools --with-mpfr=/tmp/dgboter/bbs/rhev-vm8--rhe6x86_64/buildbot/rhe6x86_64--aarch64-linux-gnu/build/build-aarch64-linux-gnu/host-tools --with-mpc=/tmp/dgboter/bbs/rhev-vm8--rhe6x86_64/buildbot/rhe6x86_64--aarch64-linux-gnu/build/build-aarch64-linux-gnu/host-tools --with-isl=/tmp/dgboter/bbs/rhev-vm8--rhe6x86_64/buildbot/rhe6x86_64--aarch64-linux-gnu/build/build-aarch64-linux-gnu/host-tools --enable-fix-cortex-a53-843419 --with-pkgversion='GNU Toolchain for the A-profile Architecture 8.3-2019.03 (arm-rel-8.36)'
Thread model: posix
gcc version 8.3.0 (GNU Toolchain for the A-profile Architecture 8.3-2019.03 (arm-rel-8.36)) 
COLLECT_GCC_OPTIONS='-fPIE' '-v' '-o' 'CMakeFiles/cmTC_3464e.dir/CMakeCCompilerABI.c.o' '-c' '-mlittle-endian' '-mabi=lp64'
 /home/don/Dq/NPU/Synaptics_Git_Ext_VSSDK-1.10.1-lts/aarch64/gcc-arm-aarch64-linux-gnu-8.3/bin/../libexec/gcc/aarch64-linux-gnu/8.3.0/cc1 -quiet -v -iprefix /home/don/Dq/NPU/Synaptics_Git_Ext_VSSDK-1.10.1-lts/aarch64/gcc-arm-aarch64-linux-gnu-8.3/bin/../lib/gcc/aarch64-linux-gnu/8.3.0/ -isysroot /home/don/Dq/NPU/Synaptics_Git_Ext_VSSDK-1.10.1-lts/aarch64/gcc-arm-aarch64-linux-gnu-8.3/bin/../aarch64-linux-gnu/libc /usr/local/share/cmake-3.20/Modules/CMakeCCompilerABI.c -quiet -dumpbase CMakeCCompilerABI.c -mlittle-endian -mabi=lp64 -auxbase-strip CMakeFiles/cmTC_3464e.dir/CMakeCCompilerABI.c.o -version -fPIE -o /tmp/cc90ArFW.s
GNU C17 (GNU Toolchain for the A-profile Architecture 8.3-2019.03 (arm-rel-8.36)) version 8.3.0 (aarch64-linux-gnu)
	compiled by GNU C version 4.8.1, GMP version 4.3.2, MPFR version 3.1.6, MPC version 0.8.2, isl version isl-0.15-1-g835ea3a-GMP

GGC heuristics: --param ggc-min-expand=100 --param ggc-min-heapsize=131072
ignoring duplicate directory "/home/don/Dq/NPU/Synaptics_Git_Ext_VSSDK-1.10.1-lts/aarch64/gcc-arm-aarch64-linux-gnu-8.3/bin/../lib/gcc/../../lib/gcc/aarch64-linux-gnu/8.3.0/include"
ignoring nonexistent directory "/home/don/Dq/NPU/Synaptics_Git_Ext_VSSDK-1.10.1-lts/aarch64/gcc-arm-aarch64-linux-gnu-8.3/bin/../aarch64-linux-gnu/libc/usr/local/include"
ignoring duplicate directory "/home/don/Dq/NPU/Synaptics_Git_Ext_VSSDK-1.10.1-lts/aarch64/gcc-arm-aarch64-linux-gnu-8.3/bin/../lib/gcc/../../lib/gcc/aarch64-linux-gnu/8.3.0/include-fixed"
ignoring duplicate directory "/home/don/Dq/NPU/Synaptics_Git_Ext_VSSDK-1.10.1-lts/aarch64/gcc-arm-aarch64-linux-gnu-8.3/bin/../lib/gcc/../../lib/gcc/aarch64-linux-gnu/8.3.0/../../../../aarch64-linux-gnu/include"
#include "..." search starts here:
#include <...> search starts here:
 /home/don/Dq/NPU/Synaptics_Git_Ext_VSSDK-1.10.1-lts/aarch64/gcc-arm-aarch64-linux-gnu-8.3/bin/../lib/gcc/aarch64-linux-gnu/8.3.0/include
 /home/don/Dq/NPU/Synaptics_Git_Ext_VSSDK-1.10.1-lts/aarch64/gcc-arm-aarch64-linux-gnu-8.3/bin/../lib/gcc/aarch64-linux-gnu/8.3.0/include-fixed
 /home/don/Dq/NPU/Synaptics_Git_Ext_VSSDK-1.10.1-lts/aarch64/gcc-arm-aarch64-linux-gnu-8.3/bin/../lib/gcc/aarch64-linux-gnu/8.3.0/../../../../aarch64-linux-gnu/include
 /home/don/Dq/NPU/Synaptics_Git_Ext_VSSDK-1.10.1-lts/aarch64/gcc-arm-aarch64-linux-gnu-8.3/bin/../aarch64-linux-gnu/libc/usr/include
End of search list.
GNU C17 (GNU Toolchain for the A-profile Architecture 8.3-2019.03 (arm-rel-8.36)) version 8.3.0 (aarch64-linux-gnu)
	compiled by GNU C version 4.8.1, GMP version 4.3.2, MPFR version 3.1.6, MPC version 0.8.2, isl version isl-0.15-1-g835ea3a-GMP

GGC heuristics: --param ggc-min-expand=100 --param ggc-min-heapsize=131072
Compiler executable checksum: 1a7ec1edd160eed68cfa5f0c18e7169b
COLLECT_GCC_OPTIONS='-fPIE' '-v' '-o' 'CMakeFiles/cmTC_3464e.dir/CMakeCCompilerABI.c.o' '-c' '-mlittle-endian' '-mabi=lp64'
 /home/don/Dq/NPU/Synaptics_Git_Ext_VSSDK-1.10.1-lts/aarch64/gcc-arm-aarch64-linux-gnu-8.3/bin/../lib/gcc/aarch64-linux-gnu/8.3.0/../../../../aarch64-linux-gnu/bin/as -v -EL -mabi=lp64 -o CMakeFiles/cmTC_3464e.dir/CMakeCCompilerABI.c.o /tmp/cc90ArFW.s
GNU assembler version 2.32.0 (aarch64-linux-gnu) using BFD version (GNU Toolchain for the A-profile Architecture 8.3-2019.03 (arm-rel-8.36)) 2.32.0.20190321
COMPILER_PATH=/home/don/Dq/NPU/Synaptics_Git_Ext_VSSDK-1.10.1-lts/aarch64/gcc-arm-aarch64-linux-gnu-8.3/bin/../libexec/gcc/aarch64-linux-gnu/8.3.0/:/home/don/Dq/NPU/Synaptics_Git_Ext_VSSDK-1.10.1-lts/aarch64/gcc-arm-aarch64-linux-gnu-8.3/bin/../libexec/gcc/:/home/don/Dq/NPU/Synaptics_Git_Ext_VSSDK-1.10.1-lts/aarch64/gcc-arm-aarch64-linux-gnu-8.3/bin/../lib/gcc/aarch64-linux-gnu/8.3.0/../../../../aarch64-linux-gnu/bin/
LIBRARY_PATH=/home/don/Dq/NPU/Synaptics_Git_Ext_VSSDK-1.10.1-lts/aarch64/gcc-arm-aarch64-linux-gnu-8.3/bin/../lib/gcc/aarch64-linux-gnu/8.3.0/:/home/don/Dq/NPU/Synaptics_Git_Ext_VSSDK-1.10.1-lts/aarch64/gcc-arm-aarch64-linux-gnu-8.3/bin/../lib/gcc/:/home/don/Dq/NPU/Synaptics_Git_Ext_VSSDK-1.10.1-lts/aarch64/gcc-arm-aarch64-linux-gnu-8.3/bin/../lib/gcc/aarch64-linux-gnu/8.3.0/../../../../aarch64-linux-gnu/lib/../lib64/:/home/don/Dq/NPU/Synaptics_Git_Ext_VSSDK-1.10.1-lts/aarch64/gcc-arm-aarch64-linux-gnu-8.3/bin/../aarch64-linux-gnu/libc/lib/../lib64/:/home/don/Dq/NPU/Synaptics_Git_Ext_VSSDK-1.10.1-lts/aarch64/gcc-arm-aarch64-linux-gnu-8.3/bin/../aarch64-linux-gnu/libc/usr/lib/../lib64/:/home/don/Dq/NPU/Synaptics_Git_Ext_VSSDK-1.10.1-lts/aarch64/gcc-arm-aarch64-linux-gnu-8.3/bin/../lib/gcc/aarch64-linux-gnu/8.3.0/../../../../aarch64-linux-gnu/lib/:/home/don/Dq/NPU/Synaptics_Git_Ext_VSSDK-1.10.1-lts/aarch64/gcc-arm-aarch64-linux-gnu-8.3/bin/../aarch64-linux-gnu/libc/lib/:/home/don/Dq/NPU/Synaptics_Git_Ext_VSSDK-1.10.1-lts/aarch64/gcc-arm-aarch64-linux-gnu-8.3/bin/../aarch64-linux-gnu/libc/usr/lib/
COLLECT_GCC_OPTIONS='-fPIE' '-v' '-o' 'CMakeFiles/cmTC_3464e.dir/CMakeCCompilerABI.c.o' '-c' '-mlittle-endian' '-mabi=lp64'
Linking C executable cmTC_3464e
/usr/local/bin/cmake -E cmake_link_script CMakeFiles/cmTC_3464e.dir/link.txt --verbose=1
/home/don/Dq/NPU/Synaptics_Git_Ext_VSSDK-1.10.1-lts/aarch64/gcc-arm-aarch64-linux-gnu-8.3/bin/aarch64-linux-gnu-gcc  -v CMakeFiles/cmTC_3464e.dir/CMakeCCompilerABI.c.o -o cmTC_3464e 
Using built-in specs.
COLLECT_GCC=/home/don/Dq/NPU/Synaptics_Git_Ext_VSSDK-1.10.1-lts/aarch64/gcc-arm-aarch64-linux-gnu-8.3/bin/aarch64-linux-gnu-gcc
COLLECT_LTO_WRAPPER=/home/don/Dq/NPU/Synaptics_Git_Ext_VSSDK-1.10.1-lts/aarch64/gcc-arm-aarch64-linux-gnu-8.3/bin/../libexec/gcc/aarch64-linux-gnu/8.3.0/lto-wrapper
Target: aarch64-linux-gnu
Configured with: /tmp/dgboter/bbs/rhev-vm8--rhe6x86_64/buildbot/rhe6x86_64--aarch64-linux-gnu/build/src/gcc/configure --target=aarch64-linux-gnu --prefix= --with-sysroot=/aarch64-linux-gnu/libc --with-build-sysroot=/tmp/dgboter/bbs/rhev-vm8--rhe6x86_64/buildbot/rhe6x86_64--aarch64-linux-gnu/build/build-aarch64-linux-gnu/install//aarch64-linux-gnu/libc --with-bugurl=https://bugs.linaro.org/ --enable-gnu-indirect-function --enable-shared --disable-libssp --disable-libmudflap --enable-checking=release --enable-languages=c,c++,fortran --with-gmp=/tmp/dgboter/bbs/rhev-vm8--rhe6x86_64/buildbot/rhe6x86_64--aarch64-linux-gnu/build/build-aarch64-linux-gnu/host-tools --with-mpfr=/tmp/dgboter/bbs/rhev-vm8--rhe6x86_64/buildbot/rhe6x86_64--aarch64-linux-gnu/build/build-aarch64-linux-gnu/host-tools --with-mpc=/tmp/dgboter/bbs/rhev-vm8--rhe6x86_64/buildbot/rhe6x86_64--aarch64-linux-gnu/build/build-aarch64-linux-gnu/host-tools --with-isl=/tmp/dgboter/bbs/rhev-vm8--rhe6x86_64/buildbot/rhe6x86_64--aarch64-linux-gnu/build/build-aarch64-linux-gnu/host-tools --enable-fix-cortex-a53-843419 --with-pkgversion='GNU Toolchain for the A-profile Architecture 8.3-2019.03 (arm-rel-8.36)'
Thread model: posix
gcc version 8.3.0 (GNU Toolchain for the A-profile Architecture 8.3-2019.03 (arm-rel-8.36)) 
COMPILER_PATH=/home/don/Dq/NPU/Synaptics_Git_Ext_VSSDK-1.10.1-lts/aarch64/gcc-arm-aarch64-linux-gnu-8.3/bin/../libexec/gcc/aarch64-linux-gnu/8.3.0/:/home/don/Dq/NPU/Synaptics_Git_Ext_VSSDK-1.10.1-lts/aarch64/gcc-arm-aarch64-linux-gnu-8.3/bin/../libexec/gcc/:/home/don/Dq/NPU/Synaptics_Git_Ext_VSSDK-1.10.1-lts/aarch64/gcc-arm-aarch64-linux-gnu-8.3/bin/../lib/gcc/aarch64-linux-gnu/8.3.0/../../../../aarch64-linux-gnu/bin/
LIBRARY_PATH=/home/don/Dq/NPU/Synaptics_Git_Ext_VSSDK-1.10.1-lts/aarch64/gcc-arm-aarch64-linux-gnu-8.3/bin/../lib/gcc/aarch64-linux-gnu/8.3.0/:/home/don/Dq/NPU/Synaptics_Git_Ext_VSSDK-1.10.1-lts/aarch64/gcc-arm-aarch64-linux-gnu-8.3/bin/../lib/gcc/:/home/don/Dq/NPU/Synaptics_Git_Ext_VSSDK-1.10.1-lts/aarch64/gcc-arm-aarch64-linux-gnu-8.3/bin/../lib/gcc/aarch64-linux-gnu/8.3.0/../../../../aarch64-linux-gnu/lib/../lib64/:/home/don/Dq/NPU/Synaptics_Git_Ext_VSSDK-1.10.1-lts/aarch64/gcc-arm-aarch64-linux-gnu-8.3/bin/../aarch64-linux-gnu/libc/lib/../lib64/:/home/don/Dq/NPU/Synaptics_Git_Ext_VSSDK-1.10.1-lts/aarch64/gcc-arm-aarch64-linux-gnu-8.3/bin/../aarch64-linux-gnu/libc/usr/lib/../lib64/:/home/don/Dq/NPU/Synaptics_Git_Ext_VSSDK-1.10.1-lts/aarch64/gcc-arm-aarch64-linux-gnu-8.3/bin/../lib/gcc/aarch64-linux-gnu/8.3.0/../../../../aarch64-linux-gnu/lib/:/home/don/Dq/NPU/Synaptics_Git_Ext_VSSDK-1.10.1-lts/aarch64/gcc-arm-aarch64-linux-gnu-8.3/bin/../aarch64-linux-gnu/libc/lib/:/home/don/Dq/NPU/Synaptics_Git_Ext_VSSDK-1.10.1-lts/aarch64/gcc-arm-aarch64-linux-gnu-8.3/bin/../aarch64-linux-gnu/libc/usr/lib/
COLLECT_GCC_OPTIONS='-v' '-o' 'cmTC_3464e' '-mlittle-endian' '-mabi=lp64'
 /home/don/Dq/NPU/Synaptics_Git_Ext_VSSDK-1.10.1-lts/aarch64/gcc-arm-aarch64-linux-gnu-8.3/bin/../libexec/gcc/aarch64-linux-gnu/8.3.0/collect2 -plugin /home/don/Dq/NPU/Synaptics_Git_Ext_VSSDK-1.10.1-lts/aarch64/gcc-arm-aarch64-linux-gnu-8.3/bin/../libexec/gcc/aarch64-linux-gnu/8.3.0/liblto_plugin.so -plugin-opt=/home/don/Dq/NPU/Synaptics_Git_Ext_VSSDK-1.10.1-lts/aarch64/gcc-arm-aarch64-linux-gnu-8.3/bin/../libexec/gcc/aarch64-linux-gnu/8.3.0/lto-wrapper -plugin-opt=-fresolution=/tmp/ccTYqbKp.res -plugin-opt=-pass-through=-lgcc -plugin-opt=-pass-through=-lgcc_s -plugin-opt=-pass-through=-lc -plugin-opt=-pass-through=-lgcc -plugin-opt=-pass-through=-lgcc_s --sysroot=/home/don/Dq/NPU/Synaptics_Git_Ext_VSSDK-1.10.1-lts/aarch64/gcc-arm-aarch64-linux-gnu-8.3/bin/../aarch64-linux-gnu/libc --eh-frame-hdr -dynamic-linker /lib/ld-linux-aarch64.so.1 -X -EL -maarch64linux --fix-cortex-a53-843419 -o cmTC_3464e /home/don/Dq/NPU/Synaptics_Git_Ext_VSSDK-1.10.1-lts/aarch64/gcc-arm-aarch64-linux-gnu-8.3/bin/../aarch64-linux-gnu/libc/usr/lib/../lib64/crt1.o /home/don/Dq/NPU/Synaptics_Git_Ext_VSSDK-1.10.1-lts/aarch64/gcc-arm-aarch64-linux-gnu-8.3/bin/../aarch64-linux-gnu/libc/usr/lib/../lib64/crti.o /home/don/Dq/NPU/Synaptics_Git_Ext_VSSDK-1.10.1-lts/aarch64/gcc-arm-aarch64-linux-gnu-8.3/bin/../lib/gcc/aarch64-linux-gnu/8.3.0/crtbegin.o -L/home/don/Dq/NPU/Synaptics_Git_Ext_VSSDK-1.10.1-lts/aarch64/gcc-arm-aarch64-linux-gnu-8.3/bin/../lib/gcc/aarch64-linux-gnu/8.3.0 -L/home/don/Dq/NPU/Synaptics_Git_Ext_VSSDK-1.10.1-lts/aarch64/gcc-arm-aarch64-linux-gnu-8.3/bin/../lib/gcc -L/home/don/Dq/NPU/Synaptics_Git_Ext_VSSDK-1.10.1-lts/aarch64/gcc-arm-aarch64-linux-gnu-8.3/bin/../lib/gcc/aarch64-linux-gnu/8.3.0/../../../../aarch64-linux-gnu/lib/../lib64 -L/home/don/Dq/NPU/Synaptics_Git_Ext_VSSDK-1.10.1-lts/aarch64/gcc-arm-aarch64-linux-gnu-8.3/bin/../aarch64-linux-gnu/libc/lib/../lib64 -L/home/don/Dq/NPU/Synaptics_Git_Ext_VSSDK-1.10.1-lts/aarch64/gcc-arm-aarch64-linux-gnu-8.3/bin/../aarch64-linux-gnu/libc/usr/lib/../lib64 -L/home/don/Dq/NPU/Synaptics_Git_Ext_VSSDK-1.10.1-lts/aarch64/gcc-arm-aarch64-linux-gnu-8.3/bin/../lib/gcc/aarch64-linux-gnu/8.3.0/../../../../aarch64-linux-gnu/lib -L/home/don/Dq/NPU/Synaptics_Git_Ext_VSSDK-1.10.1-lts/aarch64/gcc-arm-aarch64-linux-gnu-8.3/bin/../aarch64-linux-gnu/libc/lib -L/home/don/Dq/NPU/Synaptics_Git_Ext_VSSDK-1.10.1-lts/aarch64/gcc-arm-aarch64-linux-gnu-8.3/bin/../aarch64-linux-gnu/libc/usr/lib CMakeFiles/cmTC_3464e.dir/CMakeCCompilerABI.c.o -lgcc --as-needed -lgcc_s --no-as-needed -lc -lgcc --as-needed -lgcc_s --no-as-needed /home/don/Dq/NPU/Synaptics_Git_Ext_VSSDK-1.10.1-lts/aarch64/gcc-arm-aarch64-linux-gnu-8.3/bin/../lib/gcc/aarch64-linux-gnu/8.3.0/crtend.o /home/don/Dq/NPU/Synaptics_Git_Ext_VSSDK-1.10.1-lts/aarch64/gcc-arm-aarch64-linux-gnu-8.3/bin/../aarch64-linux-gnu/libc/usr/lib/../lib64/crtn.o
COLLECT_GCC_OPTIONS='-v' '-o' 'cmTC_3464e' '-mlittle-endian' '-mabi=lp64'
make[1]: Leaving directory '/home/don/Dq/NPU/project/paddlepaddle/ubuntu-yolov6s/build/CMakeFiles/CMakeTmp'



Parsed C implicit include dir info from above output: rv=done
  found start of include info
  found start of implicit include info
    add: [/home/don/Dq/NPU/Synaptics_Git_Ext_VSSDK-1.10.1-lts/aarch64/gcc-arm-aarch64-linux-gnu-8.3/bin/../lib/gcc/aarch64-linux-gnu/8.3.0/include]
    add: [/home/don/Dq/NPU/Synaptics_Git_Ext_VSSDK-1.10.1-lts/aarch64/gcc-arm-aarch64-linux-gnu-8.3/bin/../lib/gcc/aarch64-linux-gnu/8.3.0/include-fixed]
    add: [/home/don/Dq/NPU/Synaptics_Git_Ext_VSSDK-1.10.1-lts/aarch64/gcc-arm-aarch64-linux-gnu-8.3/bin/../lib/gcc/aarch64-linux-gnu/8.3.0/../../../../aarch64-linux-gnu/include]
    add: [/home/don/Dq/NPU/Synaptics_Git_Ext_VSSDK-1.10.1-lts/aarch64/gcc-arm-aarch64-linux-gnu-8.3/bin/../aarch64-linux-gnu/libc/usr/include]
  end of search list found
  collapse include dir [/home/don/Dq/NPU/Synaptics_Git_Ext_VSSDK-1.10.1-lts/aarch64/gcc-arm-aarch64-linux-gnu-8.3/bin/../lib/gcc/aarch64-linux-gnu/8.3.0/include] ==> [/home/don/Dq/NPU/Synaptics_Git_Ext_VSSDK-1.10.1-lts/aarch64/gcc-arm-aarch64-linux-gnu-8.3/lib/gcc/aarch64-linux-gnu/8.3.0/include]
  collapse include dir [/home/don/Dq/NPU/Synaptics_Git_Ext_VSSDK-1.10.1-lts/aarch64/gcc-arm-aarch64-linux-gnu-8.3/bin/../lib/gcc/aarch64-linux-gnu/8.3.0/include-fixed] ==> [/home/don/Dq/NPU/Synaptics_Git_Ext_VSSDK-1.10.1-lts/aarch64/gcc-arm-aarch64-linux-gnu-8.3/lib/gcc/aarch64-linux-gnu/8.3.0/include-fixed]
  collapse include dir [/home/don/Dq/NPU/Synaptics_Git_Ext_VSSDK-1.10.1-lts/aarch64/gcc-arm-aarch64-linux-gnu-8.3/bin/../lib/gcc/aarch64-linux-gnu/8.3.0/../../../../aarch64-linux-gnu/include] ==> [/home/don/Dq/NPU/Synaptics_Git_Ext_VSSDK-1.10.1-lts/aarch64/gcc-arm-aarch64-linux-gnu-8.3/aarch64-linux-gnu/include]
  collapse include dir [/home/don/Dq/NPU/Synaptics_Git_Ext_VSSDK-1.10.1-lts/aarch64/gcc-arm-aarch64-linux-gnu-8.3/bin/../aarch64-linux-gnu/libc/usr/include] ==> [/home/don/Dq/NPU/Synaptics_Git_Ext_VSSDK-1.10.1-lts/aarch64/gcc-arm-aarch64-linux-gnu-8.3/aarch64-linux-gnu/libc/usr/include]
  implicit include dirs: [/home/don/Dq/NPU/Synaptics_Git_Ext_VSSDK-1.10.1-lts/aarch64/gcc-arm-aarch64-linux-gnu-8.3/lib/gcc/aarch64-linux-gnu/8.3.0/include;/home/don/Dq/NPU/Synaptics_Git_Ext_VSSDK-1.10.1-lts/aarch64/gcc-arm-aarch64-linux-gnu-8.3/lib/gcc/aarch64-linux-gnu/8.3.0/include-fixed;/home/don/Dq/NPU/Synaptics_Git_Ext_VSSDK-1.10.1-lts/aarch64/gcc-arm-aarch64-linux-gnu-8.3/aarch64-linux-gnu/include;/home/don/Dq/NPU/Synaptics_Git_Ext_VSSDK-1.10.1-lts/aarch64/gcc-arm-aarch64-linux-gnu-8.3/aarch64-linux-gnu/libc/usr/include]


Parsed C implicit link information from above output:
  link line regex: [^( *|.*[/\])(aarch64-linux-gnu-ld|CMAKE_LINK_STARTFILE-NOTFOUND|([^/\]+-)?ld|collect2)[^/\]*( |$)]
  ignore line: [Change Dir: /home/don/Dq/NPU/project/paddlepaddle/ubuntu-yolov6s/build/CMakeFiles/CMakeTmp]
  ignore line: []
  ignore line: [Run Build Command(s):/usr/bin/make -f Makefile cmTC_3464e/fast && /usr/bin/make  -f CMakeFiles/cmTC_3464e.dir/build.make CMakeFiles/cmTC_3464e.dir/build]
  ignore line: [make[1]: Entering directory '/home/don/Dq/NPU/project/paddlepaddle/ubuntu-yolov6s/build/CMakeFiles/CMakeTmp']
  ignore line: [Building C object CMakeFiles/cmTC_3464e.dir/CMakeCCompilerABI.c.o]
  ignore line: [/home/don/Dq/NPU/Synaptics_Git_Ext_VSSDK-1.10.1-lts/aarch64/gcc-arm-aarch64-linux-gnu-8.3/bin/aarch64-linux-gnu-gcc   -fPIE   -v -o CMakeFiles/cmTC_3464e.dir/CMakeCCompilerABI.c.o -c /usr/local/share/cmake-3.20/Modules/CMakeCCompilerABI.c]
  ignore line: [Using built-in specs.]
  ignore line: [COLLECT_GCC=/home/don/Dq/NPU/Synaptics_Git_Ext_VSSDK-1.10.1-lts/aarch64/gcc-arm-aarch64-linux-gnu-8.3/bin/aarch64-linux-gnu-gcc]
  ignore line: [Target: aarch64-linux-gnu]
  ignore line: [Configured with: /tmp/dgboter/bbs/rhev-vm8--rhe6x86_64/buildbot/rhe6x86_64--aarch64-linux-gnu/build/src/gcc/configure --target=aarch64-linux-gnu --prefix= --with-sysroot=/aarch64-linux-gnu/libc --with-build-sysroot=/tmp/dgboter/bbs/rhev-vm8--rhe6x86_64/buildbot/rhe6x86_64--aarch64-linux-gnu/build/build-aarch64-linux-gnu/install//aarch64-linux-gnu/libc --with-bugurl=https://bugs.linaro.org/ --enable-gnu-indirect-function --enable-shared --disable-libssp --disable-libmudflap --enable-checking=release --enable-languages=c c++ fortran --with-gmp=/tmp/dgboter/bbs/rhev-vm8--rhe6x86_64/buildbot/rhe6x86_64--aarch64-linux-gnu/build/build-aarch64-linux-gnu/host-tools --with-mpfr=/tmp/dgboter/bbs/rhev-vm8--rhe6x86_64/buildbot/rhe6x86_64--aarch64-linux-gnu/build/build-aarch64-linux-gnu/host-tools --with-mpc=/tmp/dgboter/bbs/rhev-vm8--rhe6x86_64/buildbot/rhe6x86_64--aarch64-linux-gnu/build/build-aarch64-linux-gnu/host-tools --with-isl=/tmp/dgboter/bbs/rhev-vm8--rhe6x86_64/buildbot/rhe6x86_64--aarch64-linux-gnu/build/build-aarch64-linux-gnu/host-tools --enable-fix-cortex-a53-843419 --with-pkgversion='GNU Toolchain for the A-profile Architecture 8.3-2019.03 (arm-rel-8.36)']
  ignore line: [Thread model: posix]
  ignore line: [gcc version 8.3.0 (GNU Toolchain for the A-profile Architecture 8.3-2019.03 (arm-rel-8.36)) ]
  ignore line: [COLLECT_GCC_OPTIONS='-fPIE' '-v' '-o' 'CMakeFiles/cmTC_3464e.dir/CMakeCCompilerABI.c.o' '-c' '-mlittle-endian' '-mabi=lp64']
  ignore line: [ /home/don/Dq/NPU/Synaptics_Git_Ext_VSSDK-1.10.1-lts/aarch64/gcc-arm-aarch64-linux-gnu-8.3/bin/../libexec/gcc/aarch64-linux-gnu/8.3.0/cc1 -quiet -v -iprefix /home/don/Dq/NPU/Synaptics_Git_Ext_VSSDK-1.10.1-lts/aarch64/gcc-arm-aarch64-linux-gnu-8.3/bin/../lib/gcc/aarch64-linux-gnu/8.3.0/ -isysroot /home/don/Dq/NPU/Synaptics_Git_Ext_VSSDK-1.10.1-lts/aarch64/gcc-arm-aarch64-linux-gnu-8.3/bin/../aarch64-linux-gnu/libc /usr/local/share/cmake-3.20/Modules/CMakeCCompilerABI.c -quiet -dumpbase CMakeCCompilerABI.c -mlittle-endian -mabi=lp64 -auxbase-strip CMakeFiles/cmTC_3464e.dir/CMakeCCompilerABI.c.o -version -fPIE -o /tmp/cc90ArFW.s]
  ignore line: [GNU C17 (GNU Toolchain for the A-profile Architecture 8.3-2019.03 (arm-rel-8.36)) version 8.3.0 (aarch64-linux-gnu)]
  ignore line: [	compiled by GNU C version 4.8.1  GMP version 4.3.2  MPFR version 3.1.6  MPC version 0.8.2  isl version isl-0.15-1-g835ea3a-GMP]
  ignore line: []
  ignore line: [GGC heuristics: --param ggc-min-expand=100 --param ggc-min-heapsize=131072]
  ignore line: [ignoring duplicate directory "/home/don/Dq/NPU/Synaptics_Git_Ext_VSSDK-1.10.1-lts/aarch64/gcc-arm-aarch64-linux-gnu-8.3/bin/../lib/gcc/../../lib/gcc/aarch64-linux-gnu/8.3.0/include"]
  ignore line: [ignoring nonexistent directory "/home/don/Dq/NPU/Synaptics_Git_Ext_VSSDK-1.10.1-lts/aarch64/gcc-arm-aarch64-linux-gnu-8.3/bin/../aarch64-linux-gnu/libc/usr/local/include"]
  ignore line: [ignoring duplicate directory "/home/don/Dq/NPU/Synaptics_Git_Ext_VSSDK-1.10.1-lts/aarch64/gcc-arm-aarch64-linux-gnu-8.3/bin/../lib/gcc/../../lib/gcc/aarch64-linux-gnu/8.3.0/include-fixed"]
  ignore line: [ignoring duplicate directory "/home/don/Dq/NPU/Synaptics_Git_Ext_VSSDK-1.10.1-lts/aarch64/gcc-arm-aarch64-linux-gnu-8.3/bin/../lib/gcc/../../lib/gcc/aarch64-linux-gnu/8.3.0/../../../../aarch64-linux-gnu/include"]
  ignore line: [#include "..." search starts here:]
  ignore line: [#include <...> search starts here:]
  ignore line: [ /home/don/Dq/NPU/Synaptics_Git_Ext_VSSDK-1.10.1-lts/aarch64/gcc-arm-aarch64-linux-gnu-8.3/bin/../lib/gcc/aarch64-linux-gnu/8.3.0/include]
  ignore line: [ /home/don/Dq/NPU/Synaptics_Git_Ext_VSSDK-1.10.1-lts/aarch64/gcc-arm-aarch64-linux-gnu-8.3/bin/../lib/gcc/aarch64-linux-gnu/8.3.0/include-fixed]
  ignore line: [ /home/don/Dq/NPU/Synaptics_Git_Ext_VSSDK-1.10.1-lts/aarch64/gcc-arm-aarch64-linux-gnu-8.3/bin/../lib/gcc/aarch64-linux-gnu/8.3.0/../../../../aarch64-linux-gnu/include]
  ignore line: [ /home/don/Dq/NPU/Synaptics_Git_Ext_VSSDK-1.10.1-lts/aarch64/gcc-arm-aarch64-linux-gnu-8.3/bin/../aarch64-linux-gnu/libc/usr/include]
  ignore line: [End of search list.]
  ignore line: [GNU C17 (GNU Toolchain for the A-profile Architecture 8.3-2019.03 (arm-rel-8.36)) version 8.3.0 (aarch64-linux-gnu)]
  ignore line: [	compiled by GNU C version 4.8.1  GMP version 4.3.2  MPFR version 3.1.6  MPC version 0.8.2  isl version isl-0.15-1-g835ea3a-GMP]
  ignore line: []
  ignore line: [GGC heuristics: --param ggc-min-expand=100 --param ggc-min-heapsize=131072]
  ignore line: [Compiler executable checksum: 1a7ec1edd160eed68cfa5f0c18e7169b]
  ignore line: [COLLECT_GCC_OPTIONS='-fPIE' '-v' '-o' 'CMakeFiles/cmTC_3464e.dir/CMakeCCompilerABI.c.o' '-c' '-mlittle-endian' '-mabi=lp64']
  ignore line: [ /home/don/Dq/NPU/Synaptics_Git_Ext_VSSDK-1.10.1-lts/aarch64/gcc-arm-aarch64-linux-gnu-8.3/bin/../lib/gcc/aarch64-linux-gnu/8.3.0/../../../../aarch64-linux-gnu/bin/as -v -EL -mabi=lp64 -o CMakeFiles/cmTC_3464e.dir/CMakeCCompilerABI.c.o /tmp/cc90ArFW.s]
  ignore line: [GNU assembler version 2.32.0 (aarch64-linux-gnu) using BFD version (GNU Toolchain for the A-profile Architecture 8.3-2019.03 (arm-rel-8.36)) 2.32.0.20190321]
  ignore line: [COMPILER_PATH=/home/don/Dq/NPU/Synaptics_Git_Ext_VSSDK-1.10.1-lts/aarch64/gcc-arm-aarch64-linux-gnu-8.3/bin/../libexec/gcc/aarch64-linux-gnu/8.3.0/:/home/don/Dq/NPU/Synaptics_Git_Ext_VSSDK-1.10.1-lts/aarch64/gcc-arm-aarch64-linux-gnu-8.3/bin/../libexec/gcc/:/home/don/Dq/NPU/Synaptics_Git_Ext_VSSDK-1.10.1-lts/aarch64/gcc-arm-aarch64-linux-gnu-8.3/bin/../lib/gcc/aarch64-linux-gnu/8.3.0/../../../../aarch64-linux-gnu/bin/]
  ignore line: [LIBRARY_PATH=/home/don/Dq/NPU/Synaptics_Git_Ext_VSSDK-1.10.1-lts/aarch64/gcc-arm-aarch64-linux-gnu-8.3/bin/../lib/gcc/aarch64-linux-gnu/8.3.0/:/home/don/Dq/NPU/Synaptics_Git_Ext_VSSDK-1.10.1-lts/aarch64/gcc-arm-aarch64-linux-gnu-8.3/bin/../lib/gcc/:/home/don/Dq/NPU/Synaptics_Git_Ext_VSSDK-1.10.1-lts/aarch64/gcc-arm-aarch64-linux-gnu-8.3/bin/../lib/gcc/aarch64-linux-gnu/8.3.0/../../../../aarch64-linux-gnu/lib/../lib64/:/home/don/Dq/NPU/Synaptics_Git_Ext_VSSDK-1.10.1-lts/aarch64/gcc-arm-aarch64-linux-gnu-8.3/bin/../aarch64-linux-gnu/libc/lib/../lib64/:/home/don/Dq/NPU/Synaptics_Git_Ext_VSSDK-1.10.1-lts/aarch64/gcc-arm-aarch64-linux-gnu-8.3/bin/../aarch64-linux-gnu/libc/usr/lib/../lib64/:/home/don/Dq/NPU/Synaptics_Git_Ext_VSSDK-1.10.1-lts/aarch64/gcc-arm-aarch64-linux-gnu-8.3/bin/../lib/gcc/aarch64-linux-gnu/8.3.0/../../../../aarch64-linux-gnu/lib/:/home/don/Dq/NPU/Synaptics_Git_Ext_VSSDK-1.10.1-lts/aarch64/gcc-arm-aarch64-linux-gnu-8.3/bin/../aarch64-linux-gnu/libc/lib/:/home/don/Dq/NPU/Synaptics_Git_Ext_VSSDK-1.10.1-lts/aarch64/gcc-arm-aarch64-linux-gnu-8.3/bin/../aarch64-linux-gnu/libc/usr/lib/]
  ignore line: [COLLECT_GCC_OPTIONS='-fPIE' '-v' '-o' 'CMakeFiles/cmTC_3464e.dir/CMakeCCompilerABI.c.o' '-c' '-mlittle-endian' '-mabi=lp64']
  ignore line: [Linking C executable cmTC_3464e]
  ignore line: [/usr/local/bin/cmake -E cmake_link_script CMakeFiles/cmTC_3464e.dir/link.txt --verbose=1]
  ignore line: [/home/don/Dq/NPU/Synaptics_Git_Ext_VSSDK-1.10.1-lts/aarch64/gcc-arm-aarch64-linux-gnu-8.3/bin/aarch64-linux-gnu-gcc  -v CMakeFiles/cmTC_3464e.dir/CMakeCCompilerABI.c.o -o cmTC_3464e ]
  ignore line: [Using built-in specs.]
  ignore line: [COLLECT_GCC=/home/don/Dq/NPU/Synaptics_Git_Ext_VSSDK-1.10.1-lts/aarch64/gcc-arm-aarch64-linux-gnu-8.3/bin/aarch64-linux-gnu-gcc]
  ignore line: [COLLECT_LTO_WRAPPER=/home/don/Dq/NPU/Synaptics_Git_Ext_VSSDK-1.10.1-lts/aarch64/gcc-arm-aarch64-linux-gnu-8.3/bin/../libexec/gcc/aarch64-linux-gnu/8.3.0/lto-wrapper]
  ignore line: [Target: aarch64-linux-gnu]
  ignore line: [Configured with: /tmp/dgboter/bbs/rhev-vm8--rhe6x86_64/buildbot/rhe6x86_64--aarch64-linux-gnu/build/src/gcc/configure --target=aarch64-linux-gnu --prefix= --with-sysroot=/aarch64-linux-gnu/libc --with-build-sysroot=/tmp/dgboter/bbs/rhev-vm8--rhe6x86_64/buildbot/rhe6x86_64--aarch64-linux-gnu/build/build-aarch64-linux-gnu/install//aarch64-linux-gnu/libc --with-bugurl=https://bugs.linaro.org/ --enable-gnu-indirect-function --enable-shared --disable-libssp --disable-libmudflap --enable-checking=release --enable-languages=c c++ fortran --with-gmp=/tmp/dgboter/bbs/rhev-vm8--rhe6x86_64/buildbot/rhe6x86_64--aarch64-linux-gnu/build/build-aarch64-linux-gnu/host-tools --with-mpfr=/tmp/dgboter/bbs/rhev-vm8--rhe6x86_64/buildbot/rhe6x86_64--aarch64-linux-gnu/build/build-aarch64-linux-gnu/host-tools --with-mpc=/tmp/dgboter/bbs/rhev-vm8--rhe6x86_64/buildbot/rhe6x86_64--aarch64-linux-gnu/build/build-aarch64-linux-gnu/host-tools --with-isl=/tmp/dgboter/bbs/rhev-vm8--rhe6x86_64/buildbot/rhe6x86_64--aarch64-linux-gnu/build/build-aarch64-linux-gnu/host-tools --enable-fix-cortex-a53-843419 --with-pkgversion='GNU Toolchain for the A-profile Architecture 8.3-2019.03 (arm-rel-8.36)']
  ignore line: [Thread model: posix]
  ignore line: [gcc version 8.3.0 (GNU Toolchain for the A-profile Architecture 8.3-2019.03 (arm-rel-8.36)) ]
  ignore line: [COMPILER_PATH=/home/don/Dq/NPU/Synaptics_Git_Ext_VSSDK-1.10.1-lts/aarch64/gcc-arm-aarch64-linux-gnu-8.3/bin/../libexec/gcc/aarch64-linux-gnu/8.3.0/:/home/don/Dq/NPU/Synaptics_Git_Ext_VSSDK-1.10.1-lts/aarch64/gcc-arm-aarch64-linux-gnu-8.3/bin/../libexec/gcc/:/home/don/Dq/NPU/Synaptics_Git_Ext_VSSDK-1.10.1-lts/aarch64/gcc-arm-aarch64-linux-gnu-8.3/bin/../lib/gcc/aarch64-linux-gnu/8.3.0/../../../../aarch64-linux-gnu/bin/]
  ignore line: [LIBRARY_PATH=/home/don/Dq/NPU/Synaptics_Git_Ext_VSSDK-1.10.1-lts/aarch64/gcc-arm-aarch64-linux-gnu-8.3/bin/../lib/gcc/aarch64-linux-gnu/8.3.0/:/home/don/Dq/NPU/Synaptics_Git_Ext_VSSDK-1.10.1-lts/aarch64/gcc-arm-aarch64-linux-gnu-8.3/bin/../lib/gcc/:/home/don/Dq/NPU/Synaptics_Git_Ext_VSSDK-1.10.1-lts/aarch64/gcc-arm-aarch64-linux-gnu-8.3/bin/../lib/gcc/aarch64-linux-gnu/8.3.0/../../../../aarch64-linux-gnu/lib/../lib64/:/home/don/Dq/NPU/Synaptics_Git_Ext_VSSDK-1.10.1-lts/aarch64/gcc-arm-aarch64-linux-gnu-8.3/bin/../aarch64-linux-gnu/libc/lib/../lib64/:/home/don/Dq/NPU/Synaptics_Git_Ext_VSSDK-1.10.1-lts/aarch64/gcc-arm-aarch64-linux-gnu-8.3/bin/../aarch64-linux-gnu/libc/usr/lib/../lib64/:/home/don/Dq/NPU/Synaptics_Git_Ext_VSSDK-1.10.1-lts/aarch64/gcc-arm-aarch64-linux-gnu-8.3/bin/../lib/gcc/aarch64-linux-gnu/8.3.0/../../../../aarch64-linux-gnu/lib/:/home/don/Dq/NPU/Synaptics_Git_Ext_VSSDK-1.10.1-lts/aarch64/gcc-arm-aarch64-linux-gnu-8.3/bin/../aarch64-linux-gnu/libc/lib/:/home/don/Dq/NPU/Synaptics_Git_Ext_VSSDK-1.10.1-lts/aarch64/gcc-arm-aarch64-linux-gnu-8.3/bin/../aarch64-linux-gnu/libc/usr/lib/]
  ignore line: [COLLECT_GCC_OPTIONS='-v' '-o' 'cmTC_3464e' '-mlittle-endian' '-mabi=lp64']
  link line: [ /home/don/Dq/NPU/Synaptics_Git_Ext_VSSDK-1.10.1-lts/aarch64/gcc-arm-aarch64-linux-gnu-8.3/bin/../libexec/gcc/aarch64-linux-gnu/8.3.0/collect2 -plugin /home/don/Dq/NPU/Synaptics_Git_Ext_VSSDK-1.10.1-lts/aarch64/gcc-arm-aarch64-linux-gnu-8.3/bin/../libexec/gcc/aarch64-linux-gnu/8.3.0/liblto_plugin.so -plugin-opt=/home/don/Dq/NPU/Synaptics_Git_Ext_VSSDK-1.10.1-lts/aarch64/gcc-arm-aarch64-linux-gnu-8.3/bin/../libexec/gcc/aarch64-linux-gnu/8.3.0/lto-wrapper -plugin-opt=-fresolution=/tmp/ccTYqbKp.res -plugin-opt=-pass-through=-lgcc -plugin-opt=-pass-through=-lgcc_s -plugin-opt=-pass-through=-lc -plugin-opt=-pass-through=-lgcc -plugin-opt=-pass-through=-lgcc_s --sysroot=/home/don/Dq/NPU/Synaptics_Git_Ext_VSSDK-1.10.1-lts/aarch64/gcc-arm-aarch64-linux-gnu-8.3/bin/../aarch64-linux-gnu/libc --eh-frame-hdr -dynamic-linker /lib/ld-linux-aarch64.so.1 -X -EL -maarch64linux --fix-cortex-a53-843419 -o cmTC_3464e /home/don/Dq/NPU/Synaptics_Git_Ext_VSSDK-1.10.1-lts/aarch64/gcc-arm-aarch64-linux-gnu-8.3/bin/../aarch64-linux-gnu/libc/usr/lib/../lib64/crt1.o /home/don/Dq/NPU/Synaptics_Git_Ext_VSSDK-1.10.1-lts/aarch64/gcc-arm-aarch64-linux-gnu-8.3/bin/../aarch64-linux-gnu/libc/usr/lib/../lib64/crti.o /home/don/Dq/NPU/Synaptics_Git_Ext_VSSDK-1.10.1-lts/aarch64/gcc-arm-aarch64-linux-gnu-8.3/bin/../lib/gcc/aarch64-linux-gnu/8.3.0/crtbegin.o -L/home/don/Dq/NPU/Synaptics_Git_Ext_VSSDK-1.10.1-lts/aarch64/gcc-arm-aarch64-linux-gnu-8.3/bin/../lib/gcc/aarch64-linux-gnu/8.3.0 -L/home/don/Dq/NPU/Synaptics_Git_Ext_VSSDK-1.10.1-lts/aarch64/gcc-arm-aarch64-linux-gnu-8.3/bin/../lib/gcc -L/home/don/Dq/NPU/Synaptics_Git_Ext_VSSDK-1.10.1-lts/aarch64/gcc-arm-aarch64-linux-gnu-8.3/bin/../lib/gcc/aarch64-linux-gnu/8.3.0/../../../../aarch64-linux-gnu/lib/../lib64 -L/home/don/Dq/NPU/Synaptics_Git_Ext_VSSDK-1.10.1-lts/aarch64/gcc-arm-aarch64-linux-gnu-8.3/bin/../aarch64-linux-gnu/libc/lib/../lib64 -L/home/don/Dq/NPU/Synaptics_Git_Ext_VSSDK-1.10.1-lts/aarch64/gcc-arm-aarch64-linux-gnu-8.3/bin/../aarch64-linux-gnu/libc/usr/lib/../lib64 -L/home/don/Dq/NPU/Synaptics_Git_Ext_VSSDK-1.10.1-lts/aarch64/gcc-arm-aarch64-linux-gnu-8.3/bin/../lib/gcc/aarch64-linux-gnu/8.3.0/../../../../aarch64-linux-gnu/lib -L/home/don/Dq/NPU/Synaptics_Git_Ext_VSSDK-1.10.1-lts/aarch64/gcc-arm-aarch64-linux-gnu-8.3/bin/../aarch64-linux-gnu/libc/lib -L/home/don/Dq/NPU/Synaptics_Git_Ext_VSSDK-1.10.1-lts/aarch64/gcc-arm-aarch64-linux-gnu-8.3/bin/../aarch64-linux-gnu/libc/usr/lib CMakeFiles/cmTC_3464e.dir/CMakeCCompilerABI.c.o -lgcc --as-needed -lgcc_s --no-as-needed -lc -lgcc --as-needed -lgcc_s --no-as-needed /home/don/Dq/NPU/Synaptics_Git_Ext_VSSDK-1.10.1-lts/aarch64/gcc-arm-aarch64-linux-gnu-8.3/bin/../lib/gcc/aarch64-linux-gnu/8.3.0/crtend.o /home/don/Dq/NPU/Synaptics_Git_Ext_VSSDK-1.10.1-lts/aarch64/gcc-arm-aarch64-linux-gnu-8.3/bin/../aarch64-linux-gnu/libc/usr/lib/../lib64/crtn.o]
    arg [/home/don/Dq/NPU/Synaptics_Git_Ext_VSSDK-1.10.1-lts/aarch64/gcc-arm-aarch64-linux-gnu-8.3/bin/../libexec/gcc/aarch64-linux-gnu/8.3.0/collect2] ==> ignore
    arg [-plugin] ==> ignore
    arg [/home/don/Dq/NPU/Synaptics_Git_Ext_VSSDK-1.10.1-lts/aarch64/gcc-arm-aarch64-linux-gnu-8.3/bin/../libexec/gcc/aarch64-linux-gnu/8.3.0/liblto_plugin.so] ==> ignore
    arg [-plugin-opt=/home/don/Dq/NPU/Synaptics_Git_Ext_VSSDK-1.10.1-lts/aarch64/gcc-arm-aarch64-linux-gnu-8.3/bin/../libexec/gcc/aarch64-linux-gnu/8.3.0/lto-wrapper] ==> ignore
    arg [-plugin-opt=-fresolution=/tmp/ccTYqbKp.res] ==> ignore
    arg [-plugin-opt=-pass-through=-lgcc] ==> ignore
    arg [-plugin-opt=-pass-through=-lgcc_s] ==> ignore
    arg [-plugin-opt=-pass-through=-lc] ==> ignore
    arg [-plugin-opt=-pass-through=-lgcc] ==> ignore
    arg [-plugin-opt=-pass-through=-lgcc_s] ==> ignore
    arg [--sysroot=/home/don/Dq/NPU/Synaptics_Git_Ext_VSSDK-1.10.1-lts/aarch64/gcc-arm-aarch64-linux-gnu-8.3/bin/../aarch64-linux-gnu/libc] ==> ignore
    arg [--eh-frame-hdr] ==> ignore
    arg [-dynamic-linker] ==> ignore
    arg [/lib/ld-linux-aarch64.so.1] ==> ignore
    arg [-X] ==> ignore
    arg [-EL] ==> ignore
    arg [-maarch64linux] ==> ignore
    arg [--fix-cortex-a53-843419] ==> ignore
    arg [-o] ==> ignore
    arg [cmTC_3464e] ==> ignore
    arg [/home/don/Dq/NPU/Synaptics_Git_Ext_VSSDK-1.10.1-lts/aarch64/gcc-arm-aarch64-linux-gnu-8.3/bin/../aarch64-linux-gnu/libc/usr/lib/../lib64/crt1.o] ==> obj [/home/don/Dq/NPU/Synaptics_Git_Ext_VSSDK-1.10.1-lts/aarch64/gcc-arm-aarch64-linux-gnu-8.3/bin/../aarch64-linux-gnu/libc/usr/lib/../lib64/crt1.o]
    arg [/home/don/Dq/NPU/Synaptics_Git_Ext_VSSDK-1.10.1-lts/aarch64/gcc-arm-aarch64-linux-gnu-8.3/bin/../aarch64-linux-gnu/libc/usr/lib/../lib64/crti.o] ==> obj [/home/don/Dq/NPU/Synaptics_Git_Ext_VSSDK-1.10.1-lts/aarch64/gcc-arm-aarch64-linux-gnu-8.3/bin/../aarch64-linux-gnu/libc/usr/lib/../lib64/crti.o]
    arg [/home/don/Dq/NPU/Synaptics_Git_Ext_VSSDK-1.10.1-lts/aarch64/gcc-arm-aarch64-linux-gnu-8.3/bin/../lib/gcc/aarch64-linux-gnu/8.3.0/crtbegin.o] ==> obj [/home/don/Dq/NPU/Synaptics_Git_Ext_VSSDK-1.10.1-lts/aarch64/gcc-arm-aarch64-linux-gnu-8.3/bin/../lib/gcc/aarch64-linux-gnu/8.3.0/crtbegin.o]
    arg [-L/home/don/Dq/NPU/Synaptics_Git_Ext_VSSDK-1.10.1-lts/aarch64/gcc-arm-aarch64-linux-gnu-8.3/bin/../lib/gcc/aarch64-linux-gnu/8.3.0] ==> dir [/home/don/Dq/NPU/Synaptics_Git_Ext_VSSDK-1.10.1-lts/aarch64/gcc-arm-aarch64-linux-gnu-8.3/bin/../lib/gcc/aarch64-linux-gnu/8.3.0]
    arg [-L/home/don/Dq/NPU/Synaptics_Git_Ext_VSSDK-1.10.1-lts/aarch64/gcc-arm-aarch64-linux-gnu-8.3/bin/../lib/gcc] ==> dir [/home/don/Dq/NPU/Synaptics_Git_Ext_VSSDK-1.10.1-lts/aarch64/gcc-arm-aarch64-linux-gnu-8.3/bin/../lib/gcc]
    arg [-L/home/don/Dq/NPU/Synaptics_Git_Ext_VSSDK-1.10.1-lts/aarch64/gcc-arm-aarch64-linux-gnu-8.3/bin/../lib/gcc/aarch64-linux-gnu/8.3.0/../../../../aarch64-linux-gnu/lib/../lib64] ==> dir [/home/don/Dq/NPU/Synaptics_Git_Ext_VSSDK-1.10.1-lts/aarch64/gcc-arm-aarch64-linux-gnu-8.3/bin/../lib/gcc/aarch64-linux-gnu/8.3.0/../../../../aarch64-linux-gnu/lib/../lib64]
    arg [-L/home/don/Dq/NPU/Synaptics_Git_Ext_VSSDK-1.10.1-lts/aarch64/gcc-arm-aarch64-linux-gnu-8.3/bin/../aarch64-linux-gnu/libc/lib/../lib64] ==> dir [/home/don/Dq/NPU/Synaptics_Git_Ext_VSSDK-1.10.1-lts/aarch64/gcc-arm-aarch64-linux-gnu-8.3/bin/../aarch64-linux-gnu/libc/lib/../lib64]
    arg [-L/home/don/Dq/NPU/Synaptics_Git_Ext_VSSDK-1.10.1-lts/aarch64/gcc-arm-aarch64-linux-gnu-8.3/bin/../aarch64-linux-gnu/libc/usr/lib/../lib64] ==> dir [/home/don/Dq/NPU/Synaptics_Git_Ext_VSSDK-1.10.1-lts/aarch64/gcc-arm-aarch64-linux-gnu-8.3/bin/../aarch64-linux-gnu/libc/usr/lib/../lib64]
    arg [-L/home/don/Dq/NPU/Synaptics_Git_Ext_VSSDK-1.10.1-lts/aarch64/gcc-arm-aarch64-linux-gnu-8.3/bin/../lib/gcc/aarch64-linux-gnu/8.3.0/../../../../aarch64-linux-gnu/lib] ==> dir [/home/don/Dq/NPU/Synaptics_Git_Ext_VSSDK-1.10.1-lts/aarch64/gcc-arm-aarch64-linux-gnu-8.3/bin/../lib/gcc/aarch64-linux-gnu/8.3.0/../../../../aarch64-linux-gnu/lib]
    arg [-L/home/don/Dq/NPU/Synaptics_Git_Ext_VSSDK-1.10.1-lts/aarch64/gcc-arm-aarch64-linux-gnu-8.3/bin/../aarch64-linux-gnu/libc/lib] ==> dir [/home/don/Dq/NPU/Synaptics_Git_Ext_VSSDK-1.10.1-lts/aarch64/gcc-arm-aarch64-linux-gnu-8.3/bin/../aarch64-linux-gnu/libc/lib]
    arg [-L/home/don/Dq/NPU/Synaptics_Git_Ext_VSSDK-1.10.1-lts/aarch64/gcc-arm-aarch64-linux-gnu-8.3/bin/../aarch64-linux-gnu/libc/usr/lib] ==> dir [/home/don/Dq/NPU/Synaptics_Git_Ext_VSSDK-1.10.1-lts/aarch64/gcc-arm-aarch64-linux-gnu-8.3/bin/../aarch64-linux-gnu/libc/usr/lib]
    arg [CMakeFiles/cmTC_3464e.dir/CMakeCCompilerABI.c.o] ==> ignore
    arg [-lgcc] ==> lib [gcc]
    arg [--as-needed] ==> ignore
    arg [-lgcc_s] ==> lib [gcc_s]
    arg [--no-as-needed] ==> ignore
    arg [-lc] ==> lib [c]
    arg [-lgcc] ==> lib [gcc]
    arg [--as-needed] ==> ignore
    arg [-lgcc_s] ==> lib [gcc_s]
    arg [--no-as-needed] ==> ignore
    arg [/home/don/Dq/NPU/Synaptics_Git_Ext_VSSDK-1.10.1-lts/aarch64/gcc-arm-aarch64-linux-gnu-8.3/bin/../lib/gcc/aarch64-linux-gnu/8.3.0/crtend.o] ==> obj [/home/don/Dq/NPU/Synaptics_Git_Ext_VSSDK-1.10.1-lts/aarch64/gcc-arm-aarch64-linux-gnu-8.3/bin/../lib/gcc/aarch64-linux-gnu/8.3.0/crtend.o]
    arg [/home/don/Dq/NPU/Synaptics_Git_Ext_VSSDK-1.10.1-lts/aarch64/gcc-arm-aarch64-linux-gnu-8.3/bin/../aarch64-linux-gnu/libc/usr/lib/../lib64/crtn.o] ==> obj [/home/don/Dq/NPU/Synaptics_Git_Ext_VSSDK-1.10.1-lts/aarch64/gcc-arm-aarch64-linux-gnu-8.3/bin/../aarch64-linux-gnu/libc/usr/lib/../lib64/crtn.o]
  collapse obj [/home/don/Dq/NPU/Synaptics_Git_Ext_VSSDK-1.10.1-lts/aarch64/gcc-arm-aarch64-linux-gnu-8.3/bin/../aarch64-linux-gnu/libc/usr/lib/../lib64/crt1.o] ==> [/home/don/Dq/NPU/Synaptics_Git_Ext_VSSDK-1.10.1-lts/aarch64/gcc-arm-aarch64-linux-gnu-8.3/aarch64-linux-gnu/libc/usr/lib64/crt1.o]
  collapse obj [/home/don/Dq/NPU/Synaptics_Git_Ext_VSSDK-1.10.1-lts/aarch64/gcc-arm-aarch64-linux-gnu-8.3/bin/../aarch64-linux-gnu/libc/usr/lib/../lib64/crti.o] ==> [/home/don/Dq/NPU/Synaptics_Git_Ext_VSSDK-1.10.1-lts/aarch64/gcc-arm-aarch64-linux-gnu-8.3/aarch64-linux-gnu/libc/usr/lib64/crti.o]
  collapse obj [/home/don/Dq/NPU/Synaptics_Git_Ext_VSSDK-1.10.1-lts/aarch64/gcc-arm-aarch64-linux-gnu-8.3/bin/../lib/gcc/aarch64-linux-gnu/8.3.0/crtbegin.o] ==> [/home/don/Dq/NPU/Synaptics_Git_Ext_VSSDK-1.10.1-lts/aarch64/gcc-arm-aarch64-linux-gnu-8.3/lib/gcc/aarch64-linux-gnu/8.3.0/crtbegin.o]
  collapse obj [/home/don/Dq/NPU/Synaptics_Git_Ext_VSSDK-1.10.1-lts/aarch64/gcc-arm-aarch64-linux-gnu-8.3/bin/../lib/gcc/aarch64-linux-gnu/8.3.0/crtend.o] ==> [/home/don/Dq/NPU/Synaptics_Git_Ext_VSSDK-1.10.1-lts/aarch64/gcc-arm-aarch64-linux-gnu-8.3/lib/gcc/aarch64-linux-gnu/8.3.0/crtend.o]
  collapse obj [/home/don/Dq/NPU/Synaptics_Git_Ext_VSSDK-1.10.1-lts/aarch64/gcc-arm-aarch64-linux-gnu-8.3/bin/../aarch64-linux-gnu/libc/usr/lib/../lib64/crtn.o] ==> [/home/don/Dq/NPU/Synaptics_Git_Ext_VSSDK-1.10.1-lts/aarch64/gcc-arm-aarch64-linux-gnu-8.3/aarch64-linux-gnu/libc/usr/lib64/crtn.o]
  collapse library dir [/home/don/Dq/NPU/Synaptics_Git_Ext_VSSDK-1.10.1-lts/aarch64/gcc-arm-aarch64-linux-gnu-8.3/bin/../lib/gcc/aarch64-linux-gnu/8.3.0] ==> [/home/don/Dq/NPU/Synaptics_Git_Ext_VSSDK-1.10.1-lts/aarch64/gcc-arm-aarch64-linux-gnu-8.3/lib/gcc/aarch64-linux-gnu/8.3.0]
  collapse library dir [/home/don/Dq/NPU/Synaptics_Git_Ext_VSSDK-1.10.1-lts/aarch64/gcc-arm-aarch64-linux-gnu-8.3/bin/../lib/gcc] ==> [/home/don/Dq/NPU/Synaptics_Git_Ext_VSSDK-1.10.1-lts/aarch64/gcc-arm-aarch64-linux-gnu-8.3/lib/gcc]
  collapse library dir [/home/don/Dq/NPU/Synaptics_Git_Ext_VSSDK-1.10.1-lts/aarch64/gcc-arm-aarch64-linux-gnu-8.3/bin/../lib/gcc/aarch64-linux-gnu/8.3.0/../../../../aarch64-linux-gnu/lib/../lib64] ==> [/home/don/Dq/NPU/Synaptics_Git_Ext_VSSDK-1.10.1-lts/aarch64/gcc-arm-aarch64-linux-gnu-8.3/aarch64-linux-gnu/lib64]
  collapse library dir [/home/don/Dq/NPU/Synaptics_Git_Ext_VSSDK-1.10.1-lts/aarch64/gcc-arm-aarch64-linux-gnu-8.3/bin/../aarch64-linux-gnu/libc/lib/../lib64] ==> [/home/don/Dq/NPU/Synaptics_Git_Ext_VSSDK-1.10.1-lts/aarch64/gcc-arm-aarch64-linux-gnu-8.3/aarch64-linux-gnu/libc/lib64]
  collapse library dir [/home/don/Dq/NPU/Synaptics_Git_Ext_VSSDK-1.10.1-lts/aarch64/gcc-arm-aarch64-linux-gnu-8.3/bin/../aarch64-linux-gnu/libc/usr/lib/../lib64] ==> [/home/don/Dq/NPU/Synaptics_Git_Ext_VSSDK-1.10.1-lts/aarch64/gcc-arm-aarch64-linux-gnu-8.3/aarch64-linux-gnu/libc/usr/lib64]
  collapse library dir [/home/don/Dq/NPU/Synaptics_Git_Ext_VSSDK-1.10.1-lts/aarch64/gcc-arm-aarch64-linux-gnu-8.3/bin/../lib/gcc/aarch64-linux-gnu/8.3.0/../../../../aarch64-linux-gnu/lib] ==> [/home/don/Dq/NPU/Synaptics_Git_Ext_VSSDK-1.10.1-lts/aarch64/gcc-arm-aarch64-linux-gnu-8.3/aarch64-linux-gnu/lib]
  collapse library dir [/home/don/Dq/NPU/Synaptics_Git_Ext_VSSDK-1.10.1-lts/aarch64/gcc-arm-aarch64-linux-gnu-8.3/bin/../aarch64-linux-gnu/libc/lib] ==> [/home/don/Dq/NPU/Synaptics_Git_Ext_VSSDK-1.10.1-lts/aarch64/gcc-arm-aarch64-linux-gnu-8.3/aarch64-linux-gnu/libc/lib]
  collapse library dir [/home/don/Dq/NPU/Synaptics_Git_Ext_VSSDK-1.10.1-lts/aarch64/gcc-arm-aarch64-linux-gnu-8.3/bin/../aarch64-linux-gnu/libc/usr/lib] ==> [/home/don/Dq/NPU/Synaptics_Git_Ext_VSSDK-1.10.1-lts/aarch64/gcc-arm-aarch64-linux-gnu-8.3/aarch64-linux-gnu/libc/usr/lib]
  implicit libs: [gcc;gcc_s;c;gcc;gcc_s]
  implicit objs: [/home/don/Dq/NPU/Synaptics_Git_Ext_VSSDK-1.10.1-lts/aarch64/gcc-arm-aarch64-linux-gnu-8.3/aarch64-linux-gnu/libc/usr/lib64/crt1.o;/home/don/Dq/NPU/Synaptics_Git_Ext_VSSDK-1.10.1-lts/aarch64/gcc-arm-aarch64-linux-gnu-8.3/aarch64-linux-gnu/libc/usr/lib64/crti.o;/home/don/Dq/NPU/Synaptics_Git_Ext_VSSDK-1.10.1-lts/aarch64/gcc-arm-aarch64-linux-gnu-8.3/lib/gcc/aarch64-linux-gnu/8.3.0/crtbegin.o;/home/don/Dq/NPU/Synaptics_Git_Ext_VSSDK-1.10.1-lts/aarch64/gcc-arm-aarch64-linux-gnu-8.3/lib/gcc/aarch64-linux-gnu/8.3.0/crtend.o;/home/don/Dq/NPU/Synaptics_Git_Ext_VSSDK-1.10.1-lts/aarch64/gcc-arm-aarch64-linux-gnu-8.3/aarch64-linux-gnu/libc/usr/lib64/crtn.o]
  implicit dirs: [/home/don/Dq/NPU/Synaptics_Git_Ext_VSSDK-1.10.1-lts/aarch64/gcc-arm-aarch64-linux-gnu-8.3/lib/gcc/aarch64-linux-gnu/8.3.0;/home/don/Dq/NPU/Synaptics_Git_Ext_VSSDK-1.10.1-lts/aarch64/gcc-arm-aarch64-linux-gnu-8.3/lib/gcc;/home/don/Dq/NPU/Synaptics_Git_Ext_VSSDK-1.10.1-lts/aarch64/gcc-arm-aarch64-linux-gnu-8.3/aarch64-linux-gnu/lib64;/home/don/Dq/NPU/Synaptics_Git_Ext_VSSDK-1.10.1-lts/aarch64/gcc-arm-aarch64-linux-gnu-8.3/aarch64-linux-gnu/libc/lib64;/home/don/Dq/NPU/Synaptics_Git_Ext_VSSDK-1.10.1-lts/aarch64/gcc-arm-aarch64-linux-gnu-8.3/aarch64-linux-gnu/libc/usr/lib64;/home/don/Dq/NPU/Synaptics_Git_Ext_VSSDK-1.10.1-lts/aarch64/gcc-arm-aarch64-linux-gnu-8.3/aarch64-linux-gnu/lib;/home/don/Dq/NPU/Synaptics_Git_Ext_VSSDK-1.10.1-lts/aarch64/gcc-arm-aarch64-linux-gnu-8.3/aarch64-linux-gnu/libc/lib;/home/don/Dq/NPU/Synaptics_Git_Ext_VSSDK-1.10.1-lts/aarch64/gcc-arm-aarch64-linux-gnu-8.3/aarch64-linux-gnu/libc/usr/lib]
  implicit fwks: []


Detecting CXX compiler ABI info compiled with the following output:
Change Dir: /home/don/Dq/NPU/project/paddlepaddle/ubuntu-yolov6s/build/CMakeFiles/CMakeTmp

Run Build Command(s):/usr/bin/make -f Makefile cmTC_50b41/fast && /usr/bin/make  -f CMakeFiles/cmTC_50b41.dir/build.make CMakeFiles/cmTC_50b41.dir/build
make[1]: Entering directory '/home/don/Dq/NPU/project/paddlepaddle/ubuntu-yolov6s/build/CMakeFiles/CMakeTmp'
Building CXX object CMakeFiles/cmTC_50b41.dir/CMakeCXXCompilerABI.cpp.o
/home/don/Dq/NPU/Synaptics_Git_Ext_VSSDK-1.10.1-lts/aarch64/gcc-arm-aarch64-linux-gnu-8.3/bin/aarch64-linux-gnu-g++   -fPIE   -v -o CMakeFiles/cmTC_50b41.dir/CMakeCXXCompilerABI.cpp.o -c /usr/local/share/cmake-3.20/Modules/CMakeCXXCompilerABI.cpp
Using built-in specs.
COLLECT_GCC=/home/don/Dq/NPU/Synaptics_Git_Ext_VSSDK-1.10.1-lts/aarch64/gcc-arm-aarch64-linux-gnu-8.3/bin/aarch64-linux-gnu-g++
Target: aarch64-linux-gnu
Configured with: /tmp/dgboter/bbs/rhev-vm8--rhe6x86_64/buildbot/rhe6x86_64--aarch64-linux-gnu/build/src/gcc/configure --target=aarch64-linux-gnu --prefix= --with-sysroot=/aarch64-linux-gnu/libc --with-build-sysroot=/tmp/dgboter/bbs/rhev-vm8--rhe6x86_64/buildbot/rhe6x86_64--aarch64-linux-gnu/build/build-aarch64-linux-gnu/install//aarch64-linux-gnu/libc --with-bugurl=https://bugs.linaro.org/ --enable-gnu-indirect-function --enable-shared --disable-libssp --disable-libmudflap --enable-checking=release --enable-languages=c,c++,fortran --with-gmp=/tmp/dgboter/bbs/rhev-vm8--rhe6x86_64/buildbot/rhe6x86_64--aarch64-linux-gnu/build/build-aarch64-linux-gnu/host-tools --with-mpfr=/tmp/dgboter/bbs/rhev-vm8--rhe6x86_64/buildbot/rhe6x86_64--aarch64-linux-gnu/build/build-aarch64-linux-gnu/host-tools --with-mpc=/tmp/dgboter/bbs/rhev-vm8--rhe6x86_64/buildbot/rhe6x86_64--aarch64-linux-gnu/build/build-aarch64-linux-gnu/host-tools --with-isl=/tmp/dgboter/bbs/rhev-vm8--rhe6x86_64/buildbot/rhe6x86_64--aarch64-linux-gnu/build/build-aarch64-linux-gnu/host-tools --enable-fix-cortex-a53-843419 --with-pkgversion='GNU Toolchain for the A-profile Architecture 8.3-2019.03 (arm-rel-8.36)'
Thread model: posix
gcc version 8.3.0 (GNU Toolchain for the A-profile Architecture 8.3-2019.03 (arm-rel-8.36)) 
COLLECT_GCC_OPTIONS='-fPIE' '-v' '-o' 'CMakeFiles/cmTC_50b41.dir/CMakeCXXCompilerABI.cpp.o' '-c' '-shared-libgcc' '-mlittle-endian' '-mabi=lp64'
 /home/don/Dq/NPU/Synaptics_Git_Ext_VSSDK-1.10.1-lts/aarch64/gcc-arm-aarch64-linux-gnu-8.3/bin/../libexec/gcc/aarch64-linux-gnu/8.3.0/cc1plus -quiet -v -iprefix /home/don/Dq/NPU/Synaptics_Git_Ext_VSSDK-1.10.1-lts/aarch64/gcc-arm-aarch64-linux-gnu-8.3/bin/../lib/gcc/aarch64-linux-gnu/8.3.0/ -isysroot /home/don/Dq/NPU/Synaptics_Git_Ext_VSSDK-1.10.1-lts/aarch64/gcc-arm-aarch64-linux-gnu-8.3/bin/../aarch64-linux-gnu/libc -D_GNU_SOURCE /usr/local/share/cmake-3.20/Modules/CMakeCXXCompilerABI.cpp -quiet -dumpbase CMakeCXXCompilerABI.cpp -mlittle-endian -mabi=lp64 -auxbase-strip CMakeFiles/cmTC_50b41.dir/CMakeCXXCompilerABI.cpp.o -version -fPIE -o /tmp/cc79sCdU.s
GNU C++14 (GNU Toolchain for the A-profile Architecture 8.3-2019.03 (arm-rel-8.36)) version 8.3.0 (aarch64-linux-gnu)
	compiled by GNU C version 4.8.1, GMP version 4.3.2, MPFR version 3.1.6, MPC version 0.8.2, isl version isl-0.15-1-g835ea3a-GMP

GGC heuristics: --param ggc-min-expand=100 --param ggc-min-heapsize=131072
ignoring duplicate directory "/home/don/Dq/NPU/Synaptics_Git_Ext_VSSDK-1.10.1-lts/aarch64/gcc-arm-aarch64-linux-gnu-8.3/bin/../lib/gcc/../../lib/gcc/aarch64-linux-gnu/8.3.0/../../../../aarch64-linux-gnu/include/c++/8.3.0"
ignoring duplicate directory "/home/don/Dq/NPU/Synaptics_Git_Ext_VSSDK-1.10.1-lts/aarch64/gcc-arm-aarch64-linux-gnu-8.3/bin/../lib/gcc/../../lib/gcc/aarch64-linux-gnu/8.3.0/../../../../aarch64-linux-gnu/include/c++/8.3.0/aarch64-linux-gnu"
ignoring duplicate directory "/home/don/Dq/NPU/Synaptics_Git_Ext_VSSDK-1.10.1-lts/aarch64/gcc-arm-aarch64-linux-gnu-8.3/bin/../lib/gcc/../../lib/gcc/aarch64-linux-gnu/8.3.0/../../../../aarch64-linux-gnu/include/c++/8.3.0/backward"
ignoring duplicate directory "/home/don/Dq/NPU/Synaptics_Git_Ext_VSSDK-1.10.1-lts/aarch64/gcc-arm-aarch64-linux-gnu-8.3/bin/../lib/gcc/../../lib/gcc/aarch64-linux-gnu/8.3.0/include"
ignoring nonexistent directory "/home/don/Dq/NPU/Synaptics_Git_Ext_VSSDK-1.10.1-lts/aarch64/gcc-arm-aarch64-linux-gnu-8.3/bin/../aarch64-linux-gnu/libc/usr/local/include"
ignoring duplicate directory "/home/don/Dq/NPU/Synaptics_Git_Ext_VSSDK-1.10.1-lts/aarch64/gcc-arm-aarch64-linux-gnu-8.3/bin/../lib/gcc/../../lib/gcc/aarch64-linux-gnu/8.3.0/include-fixed"
ignoring duplicate directory "/home/don/Dq/NPU/Synaptics_Git_Ext_VSSDK-1.10.1-lts/aarch64/gcc-arm-aarch64-linux-gnu-8.3/bin/../lib/gcc/../../lib/gcc/aarch64-linux-gnu/8.3.0/../../../../aarch64-linux-gnu/include"
#include "..." search starts here:
#include <...> search starts here:
 /home/don/Dq/NPU/Synaptics_Git_Ext_VSSDK-1.10.1-lts/aarch64/gcc-arm-aarch64-linux-gnu-8.3/bin/../lib/gcc/aarch64-linux-gnu/8.3.0/../../../../aarch64-linux-gnu/include/c++/8.3.0
 /home/don/Dq/NPU/Synaptics_Git_Ext_VSSDK-1.10.1-lts/aarch64/gcc-arm-aarch64-linux-gnu-8.3/bin/../lib/gcc/aarch64-linux-gnu/8.3.0/../../../../aarch64-linux-gnu/include/c++/8.3.0/aarch64-linux-gnu
 /home/don/Dq/NPU/Synaptics_Git_Ext_VSSDK-1.10.1-lts/aarch64/gcc-arm-aarch64-linux-gnu-8.3/bin/../lib/gcc/aarch64-linux-gnu/8.3.0/../../../../aarch64-linux-gnu/include/c++/8.3.0/backward
 /home/don/Dq/NPU/Synaptics_Git_Ext_VSSDK-1.10.1-lts/aarch64/gcc-arm-aarch64-linux-gnu-8.3/bin/../lib/gcc/aarch64-linux-gnu/8.3.0/include
 /home/don/Dq/NPU/Synaptics_Git_Ext_VSSDK-1.10.1-lts/aarch64/gcc-arm-aarch64-linux-gnu-8.3/bin/../lib/gcc/aarch64-linux-gnu/8.3.0/include-fixed
 /home/don/Dq/NPU/Synaptics_Git_Ext_VSSDK-1.10.1-lts/aarch64/gcc-arm-aarch64-linux-gnu-8.3/bin/../lib/gcc/aarch64-linux-gnu/8.3.0/../../../../aarch64-linux-gnu/include
 /home/don/Dq/NPU/Synaptics_Git_Ext_VSSDK-1.10.1-lts/aarch64/gcc-arm-aarch64-linux-gnu-8.3/bin/../aarch64-linux-gnu/libc/usr/include
End of search list.
GNU C++14 (GNU Toolchain for the A-profile Architecture 8.3-2019.03 (arm-rel-8.36)) version 8.3.0 (aarch64-linux-gnu)
	compiled by GNU C version 4.8.1, GMP version 4.3.2, MPFR version 3.1.6, MPC version 0.8.2, isl version isl-0.15-1-g835ea3a-GMP

GGC heuristics: --param ggc-min-expand=100 --param ggc-min-heapsize=131072
Compiler executable checksum: 8f9c7b8e8c6469e4342cdccba1f453e7
COLLECT_GCC_OPTIONS='-fPIE' '-v' '-o' 'CMakeFiles/cmTC_50b41.dir/CMakeCXXCompilerABI.cpp.o' '-c' '-shared-libgcc' '-mlittle-endian' '-mabi=lp64'
 /home/don/Dq/NPU/Synaptics_Git_Ext_VSSDK-1.10.1-lts/aarch64/gcc-arm-aarch64-linux-gnu-8.3/bin/../lib/gcc/aarch64-linux-gnu/8.3.0/../../../../aarch64-linux-gnu/bin/as -v -EL -mabi=lp64 -o CMakeFiles/cmTC_50b41.dir/CMakeCXXCompilerABI.cpp.o /tmp/cc79sCdU.s
GNU assembler version 2.32.0 (aarch64-linux-gnu) using BFD version (GNU Toolchain for the A-profile Architecture 8.3-2019.03 (arm-rel-8.36)) 2.32.0.20190321
COMPILER_PATH=/home/don/Dq/NPU/Synaptics_Git_Ext_VSSDK-1.10.1-lts/aarch64/gcc-arm-aarch64-linux-gnu-8.3/bin/../libexec/gcc/aarch64-linux-gnu/8.3.0/:/home/don/Dq/NPU/Synaptics_Git_Ext_VSSDK-1.10.1-lts/aarch64/gcc-arm-aarch64-linux-gnu-8.3/bin/../libexec/gcc/:/home/don/Dq/NPU/Synaptics_Git_Ext_VSSDK-1.10.1-lts/aarch64/gcc-arm-aarch64-linux-gnu-8.3/bin/../lib/gcc/aarch64-linux-gnu/8.3.0/../../../../aarch64-linux-gnu/bin/
LIBRARY_PATH=/home/don/Dq/NPU/Synaptics_Git_Ext_VSSDK-1.10.1-lts/aarch64/gcc-arm-aarch64-linux-gnu-8.3/bin/../lib/gcc/aarch64-linux-gnu/8.3.0/:/home/don/Dq/NPU/Synaptics_Git_Ext_VSSDK-1.10.1-lts/aarch64/gcc-arm-aarch64-linux-gnu-8.3/bin/../lib/gcc/:/home/don/Dq/NPU/Synaptics_Git_Ext_VSSDK-1.10.1-lts/aarch64/gcc-arm-aarch64-linux-gnu-8.3/bin/../lib/gcc/aarch64-linux-gnu/8.3.0/../../../../aarch64-linux-gnu/lib/../lib64/:/home/don/Dq/NPU/Synaptics_Git_Ext_VSSDK-1.10.1-lts/aarch64/gcc-arm-aarch64-linux-gnu-8.3/bin/../aarch64-linux-gnu/libc/lib/../lib64/:/home/don/Dq/NPU/Synaptics_Git_Ext_VSSDK-1.10.1-lts/aarch64/gcc-arm-aarch64-linux-gnu-8.3/bin/../aarch64-linux-gnu/libc/usr/lib/../lib64/:/home/don/Dq/NPU/Synaptics_Git_Ext_VSSDK-1.10.1-lts/aarch64/gcc-arm-aarch64-linux-gnu-8.3/bin/../lib/gcc/aarch64-linux-gnu/8.3.0/../../../../aarch64-linux-gnu/lib/:/home/don/Dq/NPU/Synaptics_Git_Ext_VSSDK-1.10.1-lts/aarch64/gcc-arm-aarch64-linux-gnu-8.3/bin/../aarch64-linux-gnu/libc/lib/:/home/don/Dq/NPU/Synaptics_Git_Ext_VSSDK-1.10.1-lts/aarch64/gcc-arm-aarch64-linux-gnu-8.3/bin/../aarch64-linux-gnu/libc/usr/lib/
COLLECT_GCC_OPTIONS='-fPIE' '-v' '-o' 'CMakeFiles/cmTC_50b41.dir/CMakeCXXCompilerABI.cpp.o' '-c' '-shared-libgcc' '-mlittle-endian' '-mabi=lp64'
Linking CXX executable cmTC_50b41
/usr/local/bin/cmake -E cmake_link_script CMakeFiles/cmTC_50b41.dir/link.txt --verbose=1
/home/don/Dq/NPU/Synaptics_Git_Ext_VSSDK-1.10.1-lts/aarch64/gcc-arm-aarch64-linux-gnu-8.3/bin/aarch64-linux-gnu-g++  -v CMakeFiles/cmTC_50b41.dir/CMakeCXXCompilerABI.cpp.o -o cmTC_50b41 
Using built-in specs.
COLLECT_GCC=/home/don/Dq/NPU/Synaptics_Git_Ext_VSSDK-1.10.1-lts/aarch64/gcc-arm-aarch64-linux-gnu-8.3/bin/aarch64-linux-gnu-g++
COLLECT_LTO_WRAPPER=/home/don/Dq/NPU/Synaptics_Git_Ext_VSSDK-1.10.1-lts/aarch64/gcc-arm-aarch64-linux-gnu-8.3/bin/../libexec/gcc/aarch64-linux-gnu/8.3.0/lto-wrapper
Target: aarch64-linux-gnu
Configured with: /tmp/dgboter/bbs/rhev-vm8--rhe6x86_64/buildbot/rhe6x86_64--aarch64-linux-gnu/build/src/gcc/configure --target=aarch64-linux-gnu --prefix= --with-sysroot=/aarch64-linux-gnu/libc --with-build-sysroot=/tmp/dgboter/bbs/rhev-vm8--rhe6x86_64/buildbot/rhe6x86_64--aarch64-linux-gnu/build/build-aarch64-linux-gnu/install//aarch64-linux-gnu/libc --with-bugurl=https://bugs.linaro.org/ --enable-gnu-indirect-function --enable-shared --disable-libssp --disable-libmudflap --enable-checking=release --enable-languages=c,c++,fortran --with-gmp=/tmp/dgboter/bbs/rhev-vm8--rhe6x86_64/buildbot/rhe6x86_64--aarch64-linux-gnu/build/build-aarch64-linux-gnu/host-tools --with-mpfr=/tmp/dgboter/bbs/rhev-vm8--rhe6x86_64/buildbot/rhe6x86_64--aarch64-linux-gnu/build/build-aarch64-linux-gnu/host-tools --with-mpc=/tmp/dgboter/bbs/rhev-vm8--rhe6x86_64/buildbot/rhe6x86_64--aarch64-linux-gnu/build/build-aarch64-linux-gnu/host-tools --with-isl=/tmp/dgboter/bbs/rhev-vm8--rhe6x86_64/buildbot/rhe6x86_64--aarch64-linux-gnu/build/build-aarch64-linux-gnu/host-tools --enable-fix-cortex-a53-843419 --with-pkgversion='GNU Toolchain for the A-profile Architecture 8.3-2019.03 (arm-rel-8.36)'
Thread model: posix
gcc version 8.3.0 (GNU Toolchain for the A-profile Architecture 8.3-2019.03 (arm-rel-8.36)) 
COMPILER_PATH=/home/don/Dq/NPU/Synaptics_Git_Ext_VSSDK-1.10.1-lts/aarch64/gcc-arm-aarch64-linux-gnu-8.3/bin/../libexec/gcc/aarch64-linux-gnu/8.3.0/:/home/don/Dq/NPU/Synaptics_Git_Ext_VSSDK-1.10.1-lts/aarch64/gcc-arm-aarch64-linux-gnu-8.3/bin/../libexec/gcc/:/home/don/Dq/NPU/Synaptics_Git_Ext_VSSDK-1.10.1-lts/aarch64/gcc-arm-aarch64-linux-gnu-8.3/bin/../lib/gcc/aarch64-linux-gnu/8.3.0/../../../../aarch64-linux-gnu/bin/
LIBRARY_PATH=/home/don/Dq/NPU/Synaptics_Git_Ext_VSSDK-1.10.1-lts/aarch64/gcc-arm-aarch64-linux-gnu-8.3/bin/../lib/gcc/aarch64-linux-gnu/8.3.0/:/home/don/Dq/NPU/Synaptics_Git_Ext_VSSDK-1.10.1-lts/aarch64/gcc-arm-aarch64-linux-gnu-8.3/bin/../lib/gcc/:/home/don/Dq/NPU/Synaptics_Git_Ext_VSSDK-1.10.1-lts/aarch64/gcc-arm-aarch64-linux-gnu-8.3/bin/../lib/gcc/aarch64-linux-gnu/8.3.0/../../../../aarch64-linux-gnu/lib/../lib64/:/home/don/Dq/NPU/Synaptics_Git_Ext_VSSDK-1.10.1-lts/aarch64/gcc-arm-aarch64-linux-gnu-8.3/bin/../aarch64-linux-gnu/libc/lib/../lib64/:/home/don/Dq/NPU/Synaptics_Git_Ext_VSSDK-1.10.1-lts/aarch64/gcc-arm-aarch64-linux-gnu-8.3/bin/../aarch64-linux-gnu/libc/usr/lib/../lib64/:/home/don/Dq/NPU/Synaptics_Git_Ext_VSSDK-1.10.1-lts/aarch64/gcc-arm-aarch64-linux-gnu-8.3/bin/../lib/gcc/aarch64-linux-gnu/8.3.0/../../../../aarch64-linux-gnu/lib/:/home/don/Dq/NPU/Synaptics_Git_Ext_VSSDK-1.10.1-lts/aarch64/gcc-arm-aarch64-linux-gnu-8.3/bin/../aarch64-linux-gnu/libc/lib/:/home/don/Dq/NPU/Synaptics_Git_Ext_VSSDK-1.10.1-lts/aarch64/gcc-arm-aarch64-linux-gnu-8.3/bin/../aarch64-linux-gnu/libc/usr/lib/
COLLECT_GCC_OPTIONS='-v' '-o' 'cmTC_50b41' '-shared-libgcc' '-mlittle-endian' '-mabi=lp64'
 /home/don/Dq/NPU/Synaptics_Git_Ext_VSSDK-1.10.1-lts/aarch64/gcc-arm-aarch64-linux-gnu-8.3/bin/../libexec/gcc/aarch64-linux-gnu/8.3.0/collect2 -plugin /home/don/Dq/NPU/Synaptics_Git_Ext_VSSDK-1.10.1-lts/aarch64/gcc-arm-aarch64-linux-gnu-8.3/bin/../libexec/gcc/aarch64-linux-gnu/8.3.0/liblto_plugin.so -plugin-opt=/home/don/Dq/NPU/Synaptics_Git_Ext_VSSDK-1.10.1-lts/aarch64/gcc-arm-aarch64-linux-gnu-8.3/bin/../libexec/gcc/aarch64-linux-gnu/8.3.0/lto-wrapper -plugin-opt=-fresolution=/tmp/ccq21wOn.res -plugin-opt=-pass-through=-lgcc_s -plugin-opt=-pass-through=-lgcc -plugin-opt=-pass-through=-lc -plugin-opt=-pass-through=-lgcc_s -plugin-opt=-pass-through=-lgcc --sysroot=/home/don/Dq/NPU/Synaptics_Git_Ext_VSSDK-1.10.1-lts/aarch64/gcc-arm-aarch64-linux-gnu-8.3/bin/../aarch64-linux-gnu/libc --eh-frame-hdr -dynamic-linker /lib/ld-linux-aarch64.so.1 -X -EL -maarch64linux --fix-cortex-a53-843419 -o cmTC_50b41 /home/don/Dq/NPU/Synaptics_Git_Ext_VSSDK-1.10.1-lts/aarch64/gcc-arm-aarch64-linux-gnu-8.3/bin/../aarch64-linux-gnu/libc/usr/lib/../lib64/crt1.o /home/don/Dq/NPU/Synaptics_Git_Ext_VSSDK-1.10.1-lts/aarch64/gcc-arm-aarch64-linux-gnu-8.3/bin/../aarch64-linux-gnu/libc/usr/lib/../lib64/crti.o /home/don/Dq/NPU/Synaptics_Git_Ext_VSSDK-1.10.1-lts/aarch64/gcc-arm-aarch64-linux-gnu-8.3/bin/../lib/gcc/aarch64-linux-gnu/8.3.0/crtbegin.o -L/home/don/Dq/NPU/Synaptics_Git_Ext_VSSDK-1.10.1-lts/aarch64/gcc-arm-aarch64-linux-gnu-8.3/bin/../lib/gcc/aarch64-linux-gnu/8.3.0 -L/home/don/Dq/NPU/Synaptics_Git_Ext_VSSDK-1.10.1-lts/aarch64/gcc-arm-aarch64-linux-gnu-8.3/bin/../lib/gcc -L/home/don/Dq/NPU/Synaptics_Git_Ext_VSSDK-1.10.1-lts/aarch64/gcc-arm-aarch64-linux-gnu-8.3/bin/../lib/gcc/aarch64-linux-gnu/8.3.0/../../../../aarch64-linux-gnu/lib/../lib64 -L/home/don/Dq/NPU/Synaptics_Git_Ext_VSSDK-1.10.1-lts/aarch64/gcc-arm-aarch64-linux-gnu-8.3/bin/../aarch64-linux-gnu/libc/lib/../lib64 -L/home/don/Dq/NPU/Synaptics_Git_Ext_VSSDK-1.10.1-lts/aarch64/gcc-arm-aarch64-linux-gnu-8.3/bin/../aarch64-linux-gnu/libc/usr/lib/../lib64 -L/home/don/Dq/NPU/Synaptics_Git_Ext_VSSDK-1.10.1-lts/aarch64/gcc-arm-aarch64-linux-gnu-8.3/bin/../lib/gcc/aarch64-linux-gnu/8.3.0/../../../../aarch64-linux-gnu/lib -L/home/don/Dq/NPU/Synaptics_Git_Ext_VSSDK-1.10.1-lts/aarch64/gcc-arm-aarch64-linux-gnu-8.3/bin/../aarch64-linux-gnu/libc/lib -L/home/don/Dq/NPU/Synaptics_Git_Ext_VSSDK-1.10.1-lts/aarch64/gcc-arm-aarch64-linux-gnu-8.3/bin/../aarch64-linux-gnu/libc/usr/lib CMakeFiles/cmTC_50b41.dir/CMakeCXXCompilerABI.cpp.o -lstdc++ -lm -lgcc_s -lgcc -lc -lgcc_s -lgcc /home/don/Dq/NPU/Synaptics_Git_Ext_VSSDK-1.10.1-lts/aarch64/gcc-arm-aarch64-linux-gnu-8.3/bin/../lib/gcc/aarch64-linux-gnu/8.3.0/crtend.o /home/don/Dq/NPU/Synaptics_Git_Ext_VSSDK-1.10.1-lts/aarch64/gcc-arm-aarch64-linux-gnu-8.3/bin/../aarch64-linux-gnu/libc/usr/lib/../lib64/crtn.o
COLLECT_GCC_OPTIONS='-v' '-o' 'cmTC_50b41' '-shared-libgcc' '-mlittle-endian' '-mabi=lp64'
make[1]: Leaving directory '/home/don/Dq/NPU/project/paddlepaddle/ubuntu-yolov6s/build/CMakeFiles/CMakeTmp'



Parsed CXX implicit include dir info from above output: rv=done
  found start of include info
  found start of implicit include info
    add: [/home/don/Dq/NPU/Synaptics_Git_Ext_VSSDK-1.10.1-lts/aarch64/gcc-arm-aarch64-linux-gnu-8.3/bin/../lib/gcc/aarch64-linux-gnu/8.3.0/../../../../aarch64-linux-gnu/include/c++/8.3.0]
    add: [/home/don/Dq/NPU/Synaptics_Git_Ext_VSSDK-1.10.1-lts/aarch64/gcc-arm-aarch64-linux-gnu-8.3/bin/../lib/gcc/aarch64-linux-gnu/8.3.0/../../../../aarch64-linux-gnu/include/c++/8.3.0/aarch64-linux-gnu]
    add: [/home/don/Dq/NPU/Synaptics_Git_Ext_VSSDK-1.10.1-lts/aarch64/gcc-arm-aarch64-linux-gnu-8.3/bin/../lib/gcc/aarch64-linux-gnu/8.3.0/../../../../aarch64-linux-gnu/include/c++/8.3.0/backward]
    add: [/home/don/Dq/NPU/Synaptics_Git_Ext_VSSDK-1.10.1-lts/aarch64/gcc-arm-aarch64-linux-gnu-8.3/bin/../lib/gcc/aarch64-linux-gnu/8.3.0/include]
    add: [/home/don/Dq/NPU/Synaptics_Git_Ext_VSSDK-1.10.1-lts/aarch64/gcc-arm-aarch64-linux-gnu-8.3/bin/../lib/gcc/aarch64-linux-gnu/8.3.0/include-fixed]
    add: [/home/don/Dq/NPU/Synaptics_Git_Ext_VSSDK-1.10.1-lts/aarch64/gcc-arm-aarch64-linux-gnu-8.3/bin/../lib/gcc/aarch64-linux-gnu/8.3.0/../../../../aarch64-linux-gnu/include]
    add: [/home/don/Dq/NPU/Synaptics_Git_Ext_VSSDK-1.10.1-lts/aarch64/gcc-arm-aarch64-linux-gnu-8.3/bin/../aarch64-linux-gnu/libc/usr/include]
  end of search list found
  collapse include dir [/home/don/Dq/NPU/Synaptics_Git_Ext_VSSDK-1.10.1-lts/aarch64/gcc-arm-aarch64-linux-gnu-8.3/bin/../lib/gcc/aarch64-linux-gnu/8.3.0/../../../../aarch64-linux-gnu/include/c++/8.3.0] ==> [/home/don/Dq/NPU/Synaptics_Git_Ext_VSSDK-1.10.1-lts/aarch64/gcc-arm-aarch64-linux-gnu-8.3/aarch64-linux-gnu/include/c++/8.3.0]
  collapse include dir [/home/don/Dq/NPU/Synaptics_Git_Ext_VSSDK-1.10.1-lts/aarch64/gcc-arm-aarch64-linux-gnu-8.3/bin/../lib/gcc/aarch64-linux-gnu/8.3.0/../../../../aarch64-linux-gnu/include/c++/8.3.0/aarch64-linux-gnu] ==> [/home/don/Dq/NPU/Synaptics_Git_Ext_VSSDK-1.10.1-lts/aarch64/gcc-arm-aarch64-linux-gnu-8.3/aarch64-linux-gnu/include/c++/8.3.0/aarch64-linux-gnu]
  collapse include dir [/home/don/Dq/NPU/Synaptics_Git_Ext_VSSDK-1.10.1-lts/aarch64/gcc-arm-aarch64-linux-gnu-8.3/bin/../lib/gcc/aarch64-linux-gnu/8.3.0/../../../../aarch64-linux-gnu/include/c++/8.3.0/backward] ==> [/home/don/Dq/NPU/Synaptics_Git_Ext_VSSDK-1.10.1-lts/aarch64/gcc-arm-aarch64-linux-gnu-8.3/aarch64-linux-gnu/include/c++/8.3.0/backward]
  collapse include dir [/home/don/Dq/NPU/Synaptics_Git_Ext_VSSDK-1.10.1-lts/aarch64/gcc-arm-aarch64-linux-gnu-8.3/bin/../lib/gcc/aarch64-linux-gnu/8.3.0/include] ==> [/home/don/Dq/NPU/Synaptics_Git_Ext_VSSDK-1.10.1-lts/aarch64/gcc-arm-aarch64-linux-gnu-8.3/lib/gcc/aarch64-linux-gnu/8.3.0/include]
  collapse include dir [/home/don/Dq/NPU/Synaptics_Git_Ext_VSSDK-1.10.1-lts/aarch64/gcc-arm-aarch64-linux-gnu-8.3/bin/../lib/gcc/aarch64-linux-gnu/8.3.0/include-fixed] ==> [/home/don/Dq/NPU/Synaptics_Git_Ext_VSSDK-1.10.1-lts/aarch64/gcc-arm-aarch64-linux-gnu-8.3/lib/gcc/aarch64-linux-gnu/8.3.0/include-fixed]
  collapse include dir [/home/don/Dq/NPU/Synaptics_Git_Ext_VSSDK-1.10.1-lts/aarch64/gcc-arm-aarch64-linux-gnu-8.3/bin/../lib/gcc/aarch64-linux-gnu/8.3.0/../../../../aarch64-linux-gnu/include] ==> [/home/don/Dq/NPU/Synaptics_Git_Ext_VSSDK-1.10.1-lts/aarch64/gcc-arm-aarch64-linux-gnu-8.3/aarch64-linux-gnu/include]
  collapse include dir [/home/don/Dq/NPU/Synaptics_Git_Ext_VSSDK-1.10.1-lts/aarch64/gcc-arm-aarch64-linux-gnu-8.3/bin/../aarch64-linux-gnu/libc/usr/include] ==> [/home/don/Dq/NPU/Synaptics_Git_Ext_VSSDK-1.10.1-lts/aarch64/gcc-arm-aarch64-linux-gnu-8.3/aarch64-linux-gnu/libc/usr/include]
  implicit include dirs: [/home/don/Dq/NPU/Synaptics_Git_Ext_VSSDK-1.10.1-lts/aarch64/gcc-arm-aarch64-linux-gnu-8.3/aarch64-linux-gnu/include/c++/8.3.0;/home/don/Dq/NPU/Synaptics_Git_Ext_VSSDK-1.10.1-lts/aarch64/gcc-arm-aarch64-linux-gnu-8.3/aarch64-linux-gnu/include/c++/8.3.0/aarch64-linux-gnu;/home/don/Dq/NPU/Synaptics_Git_Ext_VSSDK-1.10.1-lts/aarch64/gcc-arm-aarch64-linux-gnu-8.3/aarch64-linux-gnu/include/c++/8.3.0/backward;/home/don/Dq/NPU/Synaptics_Git_Ext_VSSDK-1.10.1-lts/aarch64/gcc-arm-aarch64-linux-gnu-8.3/lib/gcc/aarch64-linux-gnu/8.3.0/include;/home/don/Dq/NPU/Synaptics_Git_Ext_VSSDK-1.10.1-lts/aarch64/gcc-arm-aarch64-linux-gnu-8.3/lib/gcc/aarch64-linux-gnu/8.3.0/include-fixed;/home/don/Dq/NPU/Synaptics_Git_Ext_VSSDK-1.10.1-lts/aarch64/gcc-arm-aarch64-linux-gnu-8.3/aarch64-linux-gnu/include;/home/don/Dq/NPU/Synaptics_Git_Ext_VSSDK-1.10.1-lts/aarch64/gcc-arm-aarch64-linux-gnu-8.3/aarch64-linux-gnu/libc/usr/include]


Parsed CXX implicit link information from above output:
  link line regex: [^( *|.*[/\])(aarch64-linux-gnu-ld|CMAKE_LINK_STARTFILE-NOTFOUND|([^/\]+-)?ld|collect2)[^/\]*( |$)]
  ignore line: [Change Dir: /home/don/Dq/NPU/project/paddlepaddle/ubuntu-yolov6s/build/CMakeFiles/CMakeTmp]
  ignore line: []
  ignore line: [Run Build Command(s):/usr/bin/make -f Makefile cmTC_50b41/fast && /usr/bin/make  -f CMakeFiles/cmTC_50b41.dir/build.make CMakeFiles/cmTC_50b41.dir/build]
  ignore line: [make[1]: Entering directory '/home/don/Dq/NPU/project/paddlepaddle/ubuntu-yolov6s/build/CMakeFiles/CMakeTmp']
  ignore line: [Building CXX object CMakeFiles/cmTC_50b41.dir/CMakeCXXCompilerABI.cpp.o]
  ignore line: [/home/don/Dq/NPU/Synaptics_Git_Ext_VSSDK-1.10.1-lts/aarch64/gcc-arm-aarch64-linux-gnu-8.3/bin/aarch64-linux-gnu-g++   -fPIE   -v -o CMakeFiles/cmTC_50b41.dir/CMakeCXXCompilerABI.cpp.o -c /usr/local/share/cmake-3.20/Modules/CMakeCXXCompilerABI.cpp]
  ignore line: [Using built-in specs.]
  ignore line: [COLLECT_GCC=/home/don/Dq/NPU/Synaptics_Git_Ext_VSSDK-1.10.1-lts/aarch64/gcc-arm-aarch64-linux-gnu-8.3/bin/aarch64-linux-gnu-g++]
  ignore line: [Target: aarch64-linux-gnu]
  ignore line: [Configured with: /tmp/dgboter/bbs/rhev-vm8--rhe6x86_64/buildbot/rhe6x86_64--aarch64-linux-gnu/build/src/gcc/configure --target=aarch64-linux-gnu --prefix= --with-sysroot=/aarch64-linux-gnu/libc --with-build-sysroot=/tmp/dgboter/bbs/rhev-vm8--rhe6x86_64/buildbot/rhe6x86_64--aarch64-linux-gnu/build/build-aarch64-linux-gnu/install//aarch64-linux-gnu/libc --with-bugurl=https://bugs.linaro.org/ --enable-gnu-indirect-function --enable-shared --disable-libssp --disable-libmudflap --enable-checking=release --enable-languages=c c++ fortran --with-gmp=/tmp/dgboter/bbs/rhev-vm8--rhe6x86_64/buildbot/rhe6x86_64--aarch64-linux-gnu/build/build-aarch64-linux-gnu/host-tools --with-mpfr=/tmp/dgboter/bbs/rhev-vm8--rhe6x86_64/buildbot/rhe6x86_64--aarch64-linux-gnu/build/build-aarch64-linux-gnu/host-tools --with-mpc=/tmp/dgboter/bbs/rhev-vm8--rhe6x86_64/buildbot/rhe6x86_64--aarch64-linux-gnu/build/build-aarch64-linux-gnu/host-tools --with-isl=/tmp/dgboter/bbs/rhev-vm8--rhe6x86_64/buildbot/rhe6x86_64--aarch64-linux-gnu/build/build-aarch64-linux-gnu/host-tools --enable-fix-cortex-a53-843419 --with-pkgversion='GNU Toolchain for the A-profile Architecture 8.3-2019.03 (arm-rel-8.36)']
  ignore line: [Thread model: posix]
  ignore line: [gcc version 8.3.0 (GNU Toolchain for the A-profile Architecture 8.3-2019.03 (arm-rel-8.36)) ]
  ignore line: [COLLECT_GCC_OPTIONS='-fPIE' '-v' '-o' 'CMakeFiles/cmTC_50b41.dir/CMakeCXXCompilerABI.cpp.o' '-c' '-shared-libgcc' '-mlittle-endian' '-mabi=lp64']
  ignore line: [ /home/don/Dq/NPU/Synaptics_Git_Ext_VSSDK-1.10.1-lts/aarch64/gcc-arm-aarch64-linux-gnu-8.3/bin/../libexec/gcc/aarch64-linux-gnu/8.3.0/cc1plus -quiet -v -iprefix /home/don/Dq/NPU/Synaptics_Git_Ext_VSSDK-1.10.1-lts/aarch64/gcc-arm-aarch64-linux-gnu-8.3/bin/../lib/gcc/aarch64-linux-gnu/8.3.0/ -isysroot /home/don/Dq/NPU/Synaptics_Git_Ext_VSSDK-1.10.1-lts/aarch64/gcc-arm-aarch64-linux-gnu-8.3/bin/../aarch64-linux-gnu/libc -D_GNU_SOURCE /usr/local/share/cmake-3.20/Modules/CMakeCXXCompilerABI.cpp -quiet -dumpbase CMakeCXXCompilerABI.cpp -mlittle-endian -mabi=lp64 -auxbase-strip CMakeFiles/cmTC_50b41.dir/CMakeCXXCompilerABI.cpp.o -version -fPIE -o /tmp/cc79sCdU.s]
  ignore line: [GNU C++14 (GNU Toolchain for the A-profile Architecture 8.3-2019.03 (arm-rel-8.36)) version 8.3.0 (aarch64-linux-gnu)]
  ignore line: [	compiled by GNU C version 4.8.1  GMP version 4.3.2  MPFR version 3.1.6  MPC version 0.8.2  isl version isl-0.15-1-g835ea3a-GMP]
  ignore line: []
  ignore line: [GGC heuristics: --param ggc-min-expand=100 --param ggc-min-heapsize=131072]
  ignore line: [ignoring duplicate directory "/home/don/Dq/NPU/Synaptics_Git_Ext_VSSDK-1.10.1-lts/aarch64/gcc-arm-aarch64-linux-gnu-8.3/bin/../lib/gcc/../../lib/gcc/aarch64-linux-gnu/8.3.0/../../../../aarch64-linux-gnu/include/c++/8.3.0"]
  ignore line: [ignoring duplicate directory "/home/don/Dq/NPU/Synaptics_Git_Ext_VSSDK-1.10.1-lts/aarch64/gcc-arm-aarch64-linux-gnu-8.3/bin/../lib/gcc/../../lib/gcc/aarch64-linux-gnu/8.3.0/../../../../aarch64-linux-gnu/include/c++/8.3.0/aarch64-linux-gnu"]
  ignore line: [ignoring duplicate directory "/home/don/Dq/NPU/Synaptics_Git_Ext_VSSDK-1.10.1-lts/aarch64/gcc-arm-aarch64-linux-gnu-8.3/bin/../lib/gcc/../../lib/gcc/aarch64-linux-gnu/8.3.0/../../../../aarch64-linux-gnu/include/c++/8.3.0/backward"]
  ignore line: [ignoring duplicate directory "/home/don/Dq/NPU/Synaptics_Git_Ext_VSSDK-1.10.1-lts/aarch64/gcc-arm-aarch64-linux-gnu-8.3/bin/../lib/gcc/../../lib/gcc/aarch64-linux-gnu/8.3.0/include"]
  ignore line: [ignoring nonexistent directory "/home/don/Dq/NPU/Synaptics_Git_Ext_VSSDK-1.10.1-lts/aarch64/gcc-arm-aarch64-linux-gnu-8.3/bin/../aarch64-linux-gnu/libc/usr/local/include"]
  ignore line: [ignoring duplicate directory "/home/don/Dq/NPU/Synaptics_Git_Ext_VSSDK-1.10.1-lts/aarch64/gcc-arm-aarch64-linux-gnu-8.3/bin/../lib/gcc/../../lib/gcc/aarch64-linux-gnu/8.3.0/include-fixed"]
  ignore line: [ignoring duplicate directory "/home/don/Dq/NPU/Synaptics_Git_Ext_VSSDK-1.10.1-lts/aarch64/gcc-arm-aarch64-linux-gnu-8.3/bin/../lib/gcc/../../lib/gcc/aarch64-linux-gnu/8.3.0/../../../../aarch64-linux-gnu/include"]
  ignore line: [#include "..." search starts here:]
  ignore line: [#include <...> search starts here:]
  ignore line: [ /home/don/Dq/NPU/Synaptics_Git_Ext_VSSDK-1.10.1-lts/aarch64/gcc-arm-aarch64-linux-gnu-8.3/bin/../lib/gcc/aarch64-linux-gnu/8.3.0/../../../../aarch64-linux-gnu/include/c++/8.3.0]
  ignore line: [ /home/don/Dq/NPU/Synaptics_Git_Ext_VSSDK-1.10.1-lts/aarch64/gcc-arm-aarch64-linux-gnu-8.3/bin/../lib/gcc/aarch64-linux-gnu/8.3.0/../../../../aarch64-linux-gnu/include/c++/8.3.0/aarch64-linux-gnu]
  ignore line: [ /home/don/Dq/NPU/Synaptics_Git_Ext_VSSDK-1.10.1-lts/aarch64/gcc-arm-aarch64-linux-gnu-8.3/bin/../lib/gcc/aarch64-linux-gnu/8.3.0/../../../../aarch64-linux-gnu/include/c++/8.3.0/backward]
  ignore line: [ /home/don/Dq/NPU/Synaptics_Git_Ext_VSSDK-1.10.1-lts/aarch64/gcc-arm-aarch64-linux-gnu-8.3/bin/../lib/gcc/aarch64-linux-gnu/8.3.0/include]
  ignore line: [ /home/don/Dq/NPU/Synaptics_Git_Ext_VSSDK-1.10.1-lts/aarch64/gcc-arm-aarch64-linux-gnu-8.3/bin/../lib/gcc/aarch64-linux-gnu/8.3.0/include-fixed]
  ignore line: [ /home/don/Dq/NPU/Synaptics_Git_Ext_VSSDK-1.10.1-lts/aarch64/gcc-arm-aarch64-linux-gnu-8.3/bin/../lib/gcc/aarch64-linux-gnu/8.3.0/../../../../aarch64-linux-gnu/include]
  ignore line: [ /home/don/Dq/NPU/Synaptics_Git_Ext_VSSDK-1.10.1-lts/aarch64/gcc-arm-aarch64-linux-gnu-8.3/bin/../aarch64-linux-gnu/libc/usr/include]
  ignore line: [End of search list.]
  ignore line: [GNU C++14 (GNU Toolchain for the A-profile Architecture 8.3-2019.03 (arm-rel-8.36)) version 8.3.0 (aarch64-linux-gnu)]
  ignore line: [	compiled by GNU C version 4.8.1  GMP version 4.3.2  MPFR version 3.1.6  MPC version 0.8.2  isl version isl-0.15-1-g835ea3a-GMP]
  ignore line: []
  ignore line: [GGC heuristics: --param ggc-min-expand=100 --param ggc-min-heapsize=131072]
  ignore line: [Compiler executable checksum: 8f9c7b8e8c6469e4342cdccba1f453e7]
  ignore line: [COLLECT_GCC_OPTIONS='-fPIE' '-v' '-o' 'CMakeFiles/cmTC_50b41.dir/CMakeCXXCompilerABI.cpp.o' '-c' '-shared-libgcc' '-mlittle-endian' '-mabi=lp64']
  ignore line: [ /home/don/Dq/NPU/Synaptics_Git_Ext_VSSDK-1.10.1-lts/aarch64/gcc-arm-aarch64-linux-gnu-8.3/bin/../lib/gcc/aarch64-linux-gnu/8.3.0/../../../../aarch64-linux-gnu/bin/as -v -EL -mabi=lp64 -o CMakeFiles/cmTC_50b41.dir/CMakeCXXCompilerABI.cpp.o /tmp/cc79sCdU.s]
  ignore line: [GNU assembler version 2.32.0 (aarch64-linux-gnu) using BFD version (GNU Toolchain for the A-profile Architecture 8.3-2019.03 (arm-rel-8.36)) 2.32.0.20190321]
  ignore line: [COMPILER_PATH=/home/don/Dq/NPU/Synaptics_Git_Ext_VSSDK-1.10.1-lts/aarch64/gcc-arm-aarch64-linux-gnu-8.3/bin/../libexec/gcc/aarch64-linux-gnu/8.3.0/:/home/don/Dq/NPU/Synaptics_Git_Ext_VSSDK-1.10.1-lts/aarch64/gcc-arm-aarch64-linux-gnu-8.3/bin/../libexec/gcc/:/home/don/Dq/NPU/Synaptics_Git_Ext_VSSDK-1.10.1-lts/aarch64/gcc-arm-aarch64-linux-gnu-8.3/bin/../lib/gcc/aarch64-linux-gnu/8.3.0/../../../../aarch64-linux-gnu/bin/]
  ignore line: [LIBRARY_PATH=/home/don/Dq/NPU/Synaptics_Git_Ext_VSSDK-1.10.1-lts/aarch64/gcc-arm-aarch64-linux-gnu-8.3/bin/../lib/gcc/aarch64-linux-gnu/8.3.0/:/home/don/Dq/NPU/Synaptics_Git_Ext_VSSDK-1.10.1-lts/aarch64/gcc-arm-aarch64-linux-gnu-8.3/bin/../lib/gcc/:/home/don/Dq/NPU/Synaptics_Git_Ext_VSSDK-1.10.1-lts/aarch64/gcc-arm-aarch64-linux-gnu-8.3/bin/../lib/gcc/aarch64-linux-gnu/8.3.0/../../../../aarch64-linux-gnu/lib/../lib64/:/home/don/Dq/NPU/Synaptics_Git_Ext_VSSDK-1.10.1-lts/aarch64/gcc-arm-aarch64-linux-gnu-8.3/bin/../aarch64-linux-gnu/libc/lib/../lib64/:/home/don/Dq/NPU/Synaptics_Git_Ext_VSSDK-1.10.1-lts/aarch64/gcc-arm-aarch64-linux-gnu-8.3/bin/../aarch64-linux-gnu/libc/usr/lib/../lib64/:/home/don/Dq/NPU/Synaptics_Git_Ext_VSSDK-1.10.1-lts/aarch64/gcc-arm-aarch64-linux-gnu-8.3/bin/../lib/gcc/aarch64-linux-gnu/8.3.0/../../../../aarch64-linux-gnu/lib/:/home/don/Dq/NPU/Synaptics_Git_Ext_VSSDK-1.10.1-lts/aarch64/gcc-arm-aarch64-linux-gnu-8.3/bin/../aarch64-linux-gnu/libc/lib/:/home/don/Dq/NPU/Synaptics_Git_Ext_VSSDK-1.10.1-lts/aarch64/gcc-arm-aarch64-linux-gnu-8.3/bin/../aarch64-linux-gnu/libc/usr/lib/]
  ignore line: [COLLECT_GCC_OPTIONS='-fPIE' '-v' '-o' 'CMakeFiles/cmTC_50b41.dir/CMakeCXXCompilerABI.cpp.o' '-c' '-shared-libgcc' '-mlittle-endian' '-mabi=lp64']
  ignore line: [Linking CXX executable cmTC_50b41]
  ignore line: [/usr/local/bin/cmake -E cmake_link_script CMakeFiles/cmTC_50b41.dir/link.txt --verbose=1]
  ignore line: [/home/don/Dq/NPU/Synaptics_Git_Ext_VSSDK-1.10.1-lts/aarch64/gcc-arm-aarch64-linux-gnu-8.3/bin/aarch64-linux-gnu-g++  -v CMakeFiles/cmTC_50b41.dir/CMakeCXXCompilerABI.cpp.o -o cmTC_50b41 ]
  ignore line: [Using built-in specs.]
  ignore line: [COLLECT_GCC=/home/don/Dq/NPU/Synaptics_Git_Ext_VSSDK-1.10.1-lts/aarch64/gcc-arm-aarch64-linux-gnu-8.3/bin/aarch64-linux-gnu-g++]
  ignore line: [COLLECT_LTO_WRAPPER=/home/don/Dq/NPU/Synaptics_Git_Ext_VSSDK-1.10.1-lts/aarch64/gcc-arm-aarch64-linux-gnu-8.3/bin/../libexec/gcc/aarch64-linux-gnu/8.3.0/lto-wrapper]
  ignore line: [Target: aarch64-linux-gnu]
  ignore line: [Configured with: /tmp/dgboter/bbs/rhev-vm8--rhe6x86_64/buildbot/rhe6x86_64--aarch64-linux-gnu/build/src/gcc/configure --target=aarch64-linux-gnu --prefix= --with-sysroot=/aarch64-linux-gnu/libc --with-build-sysroot=/tmp/dgboter/bbs/rhev-vm8--rhe6x86_64/buildbot/rhe6x86_64--aarch64-linux-gnu/build/build-aarch64-linux-gnu/install//aarch64-linux-gnu/libc --with-bugurl=https://bugs.linaro.org/ --enable-gnu-indirect-function --enable-shared --disable-libssp --disable-libmudflap --enable-checking=release --enable-languages=c c++ fortran --with-gmp=/tmp/dgboter/bbs/rhev-vm8--rhe6x86_64/buildbot/rhe6x86_64--aarch64-linux-gnu/build/build-aarch64-linux-gnu/host-tools --with-mpfr=/tmp/dgboter/bbs/rhev-vm8--rhe6x86_64/buildbot/rhe6x86_64--aarch64-linux-gnu/build/build-aarch64-linux-gnu/host-tools --with-mpc=/tmp/dgboter/bbs/rhev-vm8--rhe6x86_64/buildbot/rhe6x86_64--aarch64-linux-gnu/build/build-aarch64-linux-gnu/host-tools --with-isl=/tmp/dgboter/bbs/rhev-vm8--rhe6x86_64/buildbot/rhe6x86_64--aarch64-linux-gnu/build/build-aarch64-linux-gnu/host-tools --enable-fix-cortex-a53-843419 --with-pkgversion='GNU Toolchain for the A-profile Architecture 8.3-2019.03 (arm-rel-8.36)']
  ignore line: [Thread model: posix]
  ignore line: [gcc version 8.3.0 (GNU Toolchain for the A-profile Architecture 8.3-2019.03 (arm-rel-8.36)) ]
  ignore line: [COMPILER_PATH=/home/don/Dq/NPU/Synaptics_Git_Ext_VSSDK-1.10.1-lts/aarch64/gcc-arm-aarch64-linux-gnu-8.3/bin/../libexec/gcc/aarch64-linux-gnu/8.3.0/:/home/don/Dq/NPU/Synaptics_Git_Ext_VSSDK-1.10.1-lts/aarch64/gcc-arm-aarch64-linux-gnu-8.3/bin/../libexec/gcc/:/home/don/Dq/NPU/Synaptics_Git_Ext_VSSDK-1.10.1-lts/aarch64/gcc-arm-aarch64-linux-gnu-8.3/bin/../lib/gcc/aarch64-linux-gnu/8.3.0/../../../../aarch64-linux-gnu/bin/]
  ignore line: [LIBRARY_PATH=/home/don/Dq/NPU/Synaptics_Git_Ext_VSSDK-1.10.1-lts/aarch64/gcc-arm-aarch64-linux-gnu-8.3/bin/../lib/gcc/aarch64-linux-gnu/8.3.0/:/home/don/Dq/NPU/Synaptics_Git_Ext_VSSDK-1.10.1-lts/aarch64/gcc-arm-aarch64-linux-gnu-8.3/bin/../lib/gcc/:/home/don/Dq/NPU/Synaptics_Git_Ext_VSSDK-1.10.1-lts/aarch64/gcc-arm-aarch64-linux-gnu-8.3/bin/../lib/gcc/aarch64-linux-gnu/8.3.0/../../../../aarch64-linux-gnu/lib/../lib64/:/home/don/Dq/NPU/Synaptics_Git_Ext_VSSDK-1.10.1-lts/aarch64/gcc-arm-aarch64-linux-gnu-8.3/bin/../aarch64-linux-gnu/libc/lib/../lib64/:/home/don/Dq/NPU/Synaptics_Git_Ext_VSSDK-1.10.1-lts/aarch64/gcc-arm-aarch64-linux-gnu-8.3/bin/../aarch64-linux-gnu/libc/usr/lib/../lib64/:/home/don/Dq/NPU/Synaptics_Git_Ext_VSSDK-1.10.1-lts/aarch64/gcc-arm-aarch64-linux-gnu-8.3/bin/../lib/gcc/aarch64-linux-gnu/8.3.0/../../../../aarch64-linux-gnu/lib/:/home/don/Dq/NPU/Synaptics_Git_Ext_VSSDK-1.10.1-lts/aarch64/gcc-arm-aarch64-linux-gnu-8.3/bin/../aarch64-linux-gnu/libc/lib/:/home/don/Dq/NPU/Synaptics_Git_Ext_VSSDK-1.10.1-lts/aarch64/gcc-arm-aarch64-linux-gnu-8.3/bin/../aarch64-linux-gnu/libc/usr/lib/]
  ignore line: [COLLECT_GCC_OPTIONS='-v' '-o' 'cmTC_50b41' '-shared-libgcc' '-mlittle-endian' '-mabi=lp64']
  link line: [ /home/don/Dq/NPU/Synaptics_Git_Ext_VSSDK-1.10.1-lts/aarch64/gcc-arm-aarch64-linux-gnu-8.3/bin/../libexec/gcc/aarch64-linux-gnu/8.3.0/collect2 -plugin /home/don/Dq/NPU/Synaptics_Git_Ext_VSSDK-1.10.1-lts/aarch64/gcc-arm-aarch64-linux-gnu-8.3/bin/../libexec/gcc/aarch64-linux-gnu/8.3.0/liblto_plugin.so -plugin-opt=/home/don/Dq/NPU/Synaptics_Git_Ext_VSSDK-1.10.1-lts/aarch64/gcc-arm-aarch64-linux-gnu-8.3/bin/../libexec/gcc/aarch64-linux-gnu/8.3.0/lto-wrapper -plugin-opt=-fresolution=/tmp/ccq21wOn.res -plugin-opt=-pass-through=-lgcc_s -plugin-opt=-pass-through=-lgcc -plugin-opt=-pass-through=-lc -plugin-opt=-pass-through=-lgcc_s -plugin-opt=-pass-through=-lgcc --sysroot=/home/don/Dq/NPU/Synaptics_Git_Ext_VSSDK-1.10.1-lts/aarch64/gcc-arm-aarch64-linux-gnu-8.3/bin/../aarch64-linux-gnu/libc --eh-frame-hdr -dynamic-linker /lib/ld-linux-aarch64.so.1 -X -EL -maarch64linux --fix-cortex-a53-843419 -o cmTC_50b41 /home/don/Dq/NPU/Synaptics_Git_Ext_VSSDK-1.10.1-lts/aarch64/gcc-arm-aarch64-linux-gnu-8.3/bin/../aarch64-linux-gnu/libc/usr/lib/../lib64/crt1.o /home/don/Dq/NPU/Synaptics_Git_Ext_VSSDK-1.10.1-lts/aarch64/gcc-arm-aarch64-linux-gnu-8.3/bin/../aarch64-linux-gnu/libc/usr/lib/../lib64/crti.o /home/don/Dq/NPU/Synaptics_Git_Ext_VSSDK-1.10.1-lts/aarch64/gcc-arm-aarch64-linux-gnu-8.3/bin/../lib/gcc/aarch64-linux-gnu/8.3.0/crtbegin.o -L/home/don/Dq/NPU/Synaptics_Git_Ext_VSSDK-1.10.1-lts/aarch64/gcc-arm-aarch64-linux-gnu-8.3/bin/../lib/gcc/aarch64-linux-gnu/8.3.0 -L/home/don/Dq/NPU/Synaptics_Git_Ext_VSSDK-1.10.1-lts/aarch64/gcc-arm-aarch64-linux-gnu-8.3/bin/../lib/gcc -L/home/don/Dq/NPU/Synaptics_Git_Ext_VSSDK-1.10.1-lts/aarch64/gcc-arm-aarch64-linux-gnu-8.3/bin/../lib/gcc/aarch64-linux-gnu/8.3.0/../../../../aarch64-linux-gnu/lib/../lib64 -L/home/don/Dq/NPU/Synaptics_Git_Ext_VSSDK-1.10.1-lts/aarch64/gcc-arm-aarch64-linux-gnu-8.3/bin/../aarch64-linux-gnu/libc/lib/../lib64 -L/home/don/Dq/NPU/Synaptics_Git_Ext_VSSDK-1.10.1-lts/aarch64/gcc-arm-aarch64-linux-gnu-8.3/bin/../aarch64-linux-gnu/libc/usr/lib/../lib64 -L/home/don/Dq/NPU/Synaptics_Git_Ext_VSSDK-1.10.1-lts/aarch64/gcc-arm-aarch64-linux-gnu-8.3/bin/../lib/gcc/aarch64-linux-gnu/8.3.0/../../../../aarch64-linux-gnu/lib -L/home/don/Dq/NPU/Synaptics_Git_Ext_VSSDK-1.10.1-lts/aarch64/gcc-arm-aarch64-linux-gnu-8.3/bin/../aarch64-linux-gnu/libc/lib -L/home/don/Dq/NPU/Synaptics_Git_Ext_VSSDK-1.10.1-lts/aarch64/gcc-arm-aarch64-linux-gnu-8.3/bin/../aarch64-linux-gnu/libc/usr/lib CMakeFiles/cmTC_50b41.dir/CMakeCXXCompilerABI.cpp.o -lstdc++ -lm -lgcc_s -lgcc -lc -lgcc_s -lgcc /home/don/Dq/NPU/Synaptics_Git_Ext_VSSDK-1.10.1-lts/aarch64/gcc-arm-aarch64-linux-gnu-8.3/bin/../lib/gcc/aarch64-linux-gnu/8.3.0/crtend.o /home/don/Dq/NPU/Synaptics_Git_Ext_VSSDK-1.10.1-lts/aarch64/gcc-arm-aarch64-linux-gnu-8.3/bin/../aarch64-linux-gnu/libc/usr/lib/../lib64/crtn.o]
    arg [/home/don/Dq/NPU/Synaptics_Git_Ext_VSSDK-1.10.1-lts/aarch64/gcc-arm-aarch64-linux-gnu-8.3/bin/../libexec/gcc/aarch64-linux-gnu/8.3.0/collect2] ==> ignore
    arg [-plugin] ==> ignore
    arg [/home/don/Dq/NPU/Synaptics_Git_Ext_VSSDK-1.10.1-lts/aarch64/gcc-arm-aarch64-linux-gnu-8.3/bin/../libexec/gcc/aarch64-linux-gnu/8.3.0/liblto_plugin.so] ==> ignore
    arg [-plugin-opt=/home/don/Dq/NPU/Synaptics_Git_Ext_VSSDK-1.10.1-lts/aarch64/gcc-arm-aarch64-linux-gnu-8.3/bin/../libexec/gcc/aarch64-linux-gnu/8.3.0/lto-wrapper] ==> ignore
    arg [-plugin-opt=-fresolution=/tmp/ccq21wOn.res] ==> ignore
    arg [-plugin-opt=-pass-through=-lgcc_s] ==> ignore
    arg [-plugin-opt=-pass-through=-lgcc] ==> ignore
    arg [-plugin-opt=-pass-through=-lc] ==> ignore
    arg [-plugin-opt=-pass-through=-lgcc_s] ==> ignore
    arg [-plugin-opt=-pass-through=-lgcc] ==> ignore
    arg [--sysroot=/home/don/Dq/NPU/Synaptics_Git_Ext_VSSDK-1.10.1-lts/aarch64/gcc-arm-aarch64-linux-gnu-8.3/bin/../aarch64-linux-gnu/libc] ==> ignore
    arg [--eh-frame-hdr] ==> ignore
    arg [-dynamic-linker] ==> ignore
    arg [/lib/ld-linux-aarch64.so.1] ==> ignore
    arg [-X] ==> ignore
    arg [-EL] ==> ignore
    arg [-maarch64linux] ==> ignore
    arg [--fix-cortex-a53-843419] ==> ignore
    arg [-o] ==> ignore
    arg [cmTC_50b41] ==> ignore
    arg [/home/don/Dq/NPU/Synaptics_Git_Ext_VSSDK-1.10.1-lts/aarch64/gcc-arm-aarch64-linux-gnu-8.3/bin/../aarch64-linux-gnu/libc/usr/lib/../lib64/crt1.o] ==> obj [/home/don/Dq/NPU/Synaptics_Git_Ext_VSSDK-1.10.1-lts/aarch64/gcc-arm-aarch64-linux-gnu-8.3/bin/../aarch64-linux-gnu/libc/usr/lib/../lib64/crt1.o]
    arg [/home/don/Dq/NPU/Synaptics_Git_Ext_VSSDK-1.10.1-lts/aarch64/gcc-arm-aarch64-linux-gnu-8.3/bin/../aarch64-linux-gnu/libc/usr/lib/../lib64/crti.o] ==> obj [/home/don/Dq/NPU/Synaptics_Git_Ext_VSSDK-1.10.1-lts/aarch64/gcc-arm-aarch64-linux-gnu-8.3/bin/../aarch64-linux-gnu/libc/usr/lib/../lib64/crti.o]
    arg [/home/don/Dq/NPU/Synaptics_Git_Ext_VSSDK-1.10.1-lts/aarch64/gcc-arm-aarch64-linux-gnu-8.3/bin/../lib/gcc/aarch64-linux-gnu/8.3.0/crtbegin.o] ==> obj [/home/don/Dq/NPU/Synaptics_Git_Ext_VSSDK-1.10.1-lts/aarch64/gcc-arm-aarch64-linux-gnu-8.3/bin/../lib/gcc/aarch64-linux-gnu/8.3.0/crtbegin.o]
    arg [-L/home/don/Dq/NPU/Synaptics_Git_Ext_VSSDK-1.10.1-lts/aarch64/gcc-arm-aarch64-linux-gnu-8.3/bin/../lib/gcc/aarch64-linux-gnu/8.3.0] ==> dir [/home/don/Dq/NPU/Synaptics_Git_Ext_VSSDK-1.10.1-lts/aarch64/gcc-arm-aarch64-linux-gnu-8.3/bin/../lib/gcc/aarch64-linux-gnu/8.3.0]
    arg [-L/home/don/Dq/NPU/Synaptics_Git_Ext_VSSDK-1.10.1-lts/aarch64/gcc-arm-aarch64-linux-gnu-8.3/bin/../lib/gcc] ==> dir [/home/don/Dq/NPU/Synaptics_Git_Ext_VSSDK-1.10.1-lts/aarch64/gcc-arm-aarch64-linux-gnu-8.3/bin/../lib/gcc]
    arg [-L/home/don/Dq/NPU/Synaptics_Git_Ext_VSSDK-1.10.1-lts/aarch64/gcc-arm-aarch64-linux-gnu-8.3/bin/../lib/gcc/aarch64-linux-gnu/8.3.0/../../../../aarch64-linux-gnu/lib/../lib64] ==> dir [/home/don/Dq/NPU/Synaptics_Git_Ext_VSSDK-1.10.1-lts/aarch64/gcc-arm-aarch64-linux-gnu-8.3/bin/../lib/gcc/aarch64-linux-gnu/8.3.0/../../../../aarch64-linux-gnu/lib/../lib64]
    arg [-L/home/don/Dq/NPU/Synaptics_Git_Ext_VSSDK-1.10.1-lts/aarch64/gcc-arm-aarch64-linux-gnu-8.3/bin/../aarch64-linux-gnu/libc/lib/../lib64] ==> dir [/home/don/Dq/NPU/Synaptics_Git_Ext_VSSDK-1.10.1-lts/aarch64/gcc-arm-aarch64-linux-gnu-8.3/bin/../aarch64-linux-gnu/libc/lib/../lib64]
    arg [-L/home/don/Dq/NPU/Synaptics_Git_Ext_VSSDK-1.10.1-lts/aarch64/gcc-arm-aarch64-linux-gnu-8.3/bin/../aarch64-linux-gnu/libc/usr/lib/../lib64] ==> dir [/home/don/Dq/NPU/Synaptics_Git_Ext_VSSDK-1.10.1-lts/aarch64/gcc-arm-aarch64-linux-gnu-8.3/bin/../aarch64-linux-gnu/libc/usr/lib/../lib64]
    arg [-L/home/don/Dq/NPU/Synaptics_Git_Ext_VSSDK-1.10.1-lts/aarch64/gcc-arm-aarch64-linux-gnu-8.3/bin/../lib/gcc/aarch64-linux-gnu/8.3.0/../../../../aarch64-linux-gnu/lib] ==> dir [/home/don/Dq/NPU/Synaptics_Git_Ext_VSSDK-1.10.1-lts/aarch64/gcc-arm-aarch64-linux-gnu-8.3/bin/../lib/gcc/aarch64-linux-gnu/8.3.0/../../../../aarch64-linux-gnu/lib]
    arg [-L/home/don/Dq/NPU/Synaptics_Git_Ext_VSSDK-1.10.1-lts/aarch64/gcc-arm-aarch64-linux-gnu-8.3/bin/../aarch64-linux-gnu/libc/lib] ==> dir [/home/don/Dq/NPU/Synaptics_Git_Ext_VSSDK-1.10.1-lts/aarch64/gcc-arm-aarch64-linux-gnu-8.3/bin/../aarch64-linux-gnu/libc/lib]
    arg [-L/home/don/Dq/NPU/Synaptics_Git_Ext_VSSDK-1.10.1-lts/aarch64/gcc-arm-aarch64-linux-gnu-8.3/bin/../aarch64-linux-gnu/libc/usr/lib] ==> dir [/home/don/Dq/NPU/Synaptics_Git_Ext_VSSDK-1.10.1-lts/aarch64/gcc-arm-aarch64-linux-gnu-8.3/bin/../aarch64-linux-gnu/libc/usr/lib]
    arg [CMakeFiles/cmTC_50b41.dir/CMakeCXXCompilerABI.cpp.o] ==> ignore
    arg [-lstdc++] ==> lib [stdc++]
    arg [-lm] ==> lib [m]
    arg [-lgcc_s] ==> lib [gcc_s]
    arg [-lgcc] ==> lib [gcc]
    arg [-lc] ==> lib [c]
    arg [-lgcc_s] ==> lib [gcc_s]
    arg [-lgcc] ==> lib [gcc]
    arg [/home/don/Dq/NPU/Synaptics_Git_Ext_VSSDK-1.10.1-lts/aarch64/gcc-arm-aarch64-linux-gnu-8.3/bin/../lib/gcc/aarch64-linux-gnu/8.3.0/crtend.o] ==> obj [/home/don/Dq/NPU/Synaptics_Git_Ext_VSSDK-1.10.1-lts/aarch64/gcc-arm-aarch64-linux-gnu-8.3/bin/../lib/gcc/aarch64-linux-gnu/8.3.0/crtend.o]
    arg [/home/don/Dq/NPU/Synaptics_Git_Ext_VSSDK-1.10.1-lts/aarch64/gcc-arm-aarch64-linux-gnu-8.3/bin/../aarch64-linux-gnu/libc/usr/lib/../lib64/crtn.o] ==> obj [/home/don/Dq/NPU/Synaptics_Git_Ext_VSSDK-1.10.1-lts/aarch64/gcc-arm-aarch64-linux-gnu-8.3/bin/../aarch64-linux-gnu/libc/usr/lib/../lib64/crtn.o]
  collapse obj [/home/don/Dq/NPU/Synaptics_Git_Ext_VSSDK-1.10.1-lts/aarch64/gcc-arm-aarch64-linux-gnu-8.3/bin/../aarch64-linux-gnu/libc/usr/lib/../lib64/crt1.o] ==> [/home/don/Dq/NPU/Synaptics_Git_Ext_VSSDK-1.10.1-lts/aarch64/gcc-arm-aarch64-linux-gnu-8.3/aarch64-linux-gnu/libc/usr/lib64/crt1.o]
  collapse obj [/home/don/Dq/NPU/Synaptics_Git_Ext_VSSDK-1.10.1-lts/aarch64/gcc-arm-aarch64-linux-gnu-8.3/bin/../aarch64-linux-gnu/libc/usr/lib/../lib64/crti.o] ==> [/home/don/Dq/NPU/Synaptics_Git_Ext_VSSDK-1.10.1-lts/aarch64/gcc-arm-aarch64-linux-gnu-8.3/aarch64-linux-gnu/libc/usr/lib64/crti.o]
  collapse obj [/home/don/Dq/NPU/Synaptics_Git_Ext_VSSDK-1.10.1-lts/aarch64/gcc-arm-aarch64-linux-gnu-8.3/bin/../lib/gcc/aarch64-linux-gnu/8.3.0/crtbegin.o] ==> [/home/don/Dq/NPU/Synaptics_Git_Ext_VSSDK-1.10.1-lts/aarch64/gcc-arm-aarch64-linux-gnu-8.3/lib/gcc/aarch64-linux-gnu/8.3.0/crtbegin.o]
  collapse obj [/home/don/Dq/NPU/Synaptics_Git_Ext_VSSDK-1.10.1-lts/aarch64/gcc-arm-aarch64-linux-gnu-8.3/bin/../lib/gcc/aarch64-linux-gnu/8.3.0/crtend.o] ==> [/home/don/Dq/NPU/Synaptics_Git_Ext_VSSDK-1.10.1-lts/aarch64/gcc-arm-aarch64-linux-gnu-8.3/lib/gcc/aarch64-linux-gnu/8.3.0/crtend.o]
  collapse obj [/home/don/Dq/NPU/Synaptics_Git_Ext_VSSDK-1.10.1-lts/aarch64/gcc-arm-aarch64-linux-gnu-8.3/bin/../aarch64-linux-gnu/libc/usr/lib/../lib64/crtn.o] ==> [/home/don/Dq/NPU/Synaptics_Git_Ext_VSSDK-1.10.1-lts/aarch64/gcc-arm-aarch64-linux-gnu-8.3/aarch64-linux-gnu/libc/usr/lib64/crtn.o]
  collapse library dir [/home/don/Dq/NPU/Synaptics_Git_Ext_VSSDK-1.10.1-lts/aarch64/gcc-arm-aarch64-linux-gnu-8.3/bin/../lib/gcc/aarch64-linux-gnu/8.3.0] ==> [/home/don/Dq/NPU/Synaptics_Git_Ext_VSSDK-1.10.1-lts/aarch64/gcc-arm-aarch64-linux-gnu-8.3/lib/gcc/aarch64-linux-gnu/8.3.0]
  collapse library dir [/home/don/Dq/NPU/Synaptics_Git_Ext_VSSDK-1.10.1-lts/aarch64/gcc-arm-aarch64-linux-gnu-8.3/bin/../lib/gcc] ==> [/home/don/Dq/NPU/Synaptics_Git_Ext_VSSDK-1.10.1-lts/aarch64/gcc-arm-aarch64-linux-gnu-8.3/lib/gcc]
  collapse library dir [/home/don/Dq/NPU/Synaptics_Git_Ext_VSSDK-1.10.1-lts/aarch64/gcc-arm-aarch64-linux-gnu-8.3/bin/../lib/gcc/aarch64-linux-gnu/8.3.0/../../../../aarch64-linux-gnu/lib/../lib64] ==> [/home/don/Dq/NPU/Synaptics_Git_Ext_VSSDK-1.10.1-lts/aarch64/gcc-arm-aarch64-linux-gnu-8.3/aarch64-linux-gnu/lib64]
  collapse library dir [/home/don/Dq/NPU/Synaptics_Git_Ext_VSSDK-1.10.1-lts/aarch64/gcc-arm-aarch64-linux-gnu-8.3/bin/../aarch64-linux-gnu/libc/lib/../lib64] ==> [/home/don/Dq/NPU/Synaptics_Git_Ext_VSSDK-1.10.1-lts/aarch64/gcc-arm-aarch64-linux-gnu-8.3/aarch64-linux-gnu/libc/lib64]
  collapse library dir [/home/don/Dq/NPU/Synaptics_Git_Ext_VSSDK-1.10.1-lts/aarch64/gcc-arm-aarch64-linux-gnu-8.3/bin/../aarch64-linux-gnu/libc/usr/lib/../lib64] ==> [/home/don/Dq/NPU/Synaptics_Git_Ext_VSSDK-1.10.1-lts/aarch64/gcc-arm-aarch64-linux-gnu-8.3/aarch64-linux-gnu/libc/usr/lib64]
  collapse library dir [/home/don/Dq/NPU/Synaptics_Git_Ext_VSSDK-1.10.1-lts/aarch64/gcc-arm-aarch64-linux-gnu-8.3/bin/../lib/gcc/aarch64-linux-gnu/8.3.0/../../../../aarch64-linux-gnu/lib] ==> [/home/don/Dq/NPU/Synaptics_Git_Ext_VSSDK-1.10.1-lts/aarch64/gcc-arm-aarch64-linux-gnu-8.3/aarch64-linux-gnu/lib]
  collapse library dir [/home/don/Dq/NPU/Synaptics_Git_Ext_VSSDK-1.10.1-lts/aarch64/gcc-arm-aarch64-linux-gnu-8.3/bin/../aarch64-linux-gnu/libc/lib] ==> [/home/don/Dq/NPU/Synaptics_Git_Ext_VSSDK-1.10.1-lts/aarch64/gcc-arm-aarch64-linux-gnu-8.3/aarch64-linux-gnu/libc/lib]
  collapse library dir [/home/don/Dq/NPU/Synaptics_Git_Ext_VSSDK-1.10.1-lts/aarch64/gcc-arm-aarch64-linux-gnu-8.3/bin/../aarch64-linux-gnu/libc/usr/lib] ==> [/home/don/Dq/NPU/Synaptics_Git_Ext_VSSDK-1.10.1-lts/aarch64/gcc-arm-aarch64-linux-gnu-8.3/aarch64-linux-gnu/libc/usr/lib]
  implicit libs: [stdc++;m;gcc_s;gcc;c;gcc_s;gcc]
  implicit objs: [/home/don/Dq/NPU/Synaptics_Git_Ext_VSSDK-1.10.1-lts/aarch64/gcc-arm-aarch64-linux-gnu-8.3/aarch64-linux-gnu/libc/usr/lib64/crt1.o;/home/don/Dq/NPU/Synaptics_Git_Ext_VSSDK-1.10.1-lts/aarch64/gcc-arm-aarch64-linux-gnu-8.3/aarch64-linux-gnu/libc/usr/lib64/crti.o;/home/don/Dq/NPU/Synaptics_Git_Ext_VSSDK-1.10.1-lts/aarch64/gcc-arm-aarch64-linux-gnu-8.3/lib/gcc/aarch64-linux-gnu/8.3.0/crtbegin.o;/home/don/Dq/NPU/Synaptics_Git_Ext_VSSDK-1.10.1-lts/aarch64/gcc-arm-aarch64-linux-gnu-8.3/lib/gcc/aarch64-linux-gnu/8.3.0/crtend.o;/home/don/Dq/NPU/Synaptics_Git_Ext_VSSDK-1.10.1-lts/aarch64/gcc-arm-aarch64-linux-gnu-8.3/aarch64-linux-gnu/libc/usr/lib64/crtn.o]
  implicit dirs: [/home/don/Dq/NPU/Synaptics_Git_Ext_VSSDK-1.10.1-lts/aarch64/gcc-arm-aarch64-linux-gnu-8.3/lib/gcc/aarch64-linux-gnu/8.3.0;/home/don/Dq/NPU/Synaptics_Git_Ext_VSSDK-1.10.1-lts/aarch64/gcc-arm-aarch64-linux-gnu-8.3/lib/gcc;/home/don/Dq/NPU/Synaptics_Git_Ext_VSSDK-1.10.1-lts/aarch64/gcc-arm-aarch64-linux-gnu-8.3/aarch64-linux-gnu/lib64;/home/don/Dq/NPU/Synaptics_Git_Ext_VSSDK-1.10.1-lts/aarch64/gcc-arm-aarch64-linux-gnu-8.3/aarch64-linux-gnu/libc/lib64;/home/don/Dq/NPU/Synaptics_Git_Ext_VSSDK-1.10.1-lts/aarch64/gcc-arm-aarch64-linux-gnu-8.3/aarch64-linux-gnu/libc/usr/lib64;/home/don/Dq/NPU/Synaptics_Git_Ext_VSSDK-1.10.1-lts/aarch64/gcc-arm-aarch64-linux-gnu-8.3/aarch64-linux-gnu/lib;/home/don/Dq/NPU/Synaptics_Git_Ext_VSSDK-1.10.1-lts/aarch64/gcc-arm-aarch64-linux-gnu-8.3/aarch64-linux-gnu/libc/lib;/home/don/Dq/NPU/Synaptics_Git_Ext_VSSDK-1.10.1-lts/aarch64/gcc-arm-aarch64-linux-gnu-8.3/aarch64-linux-gnu/libc/usr/lib]
  implicit fwks: []


